TN:
SF:c:\frontend-cost-predictor\.eslintrc.js
FNF:0
FNH:0
DA:3,0
LF:1
LH:0
BRDA:30,0,0,0
BRDA:30,0,1,0
BRF:2
BRH:0
end_of_record
TN:
SF:c:\frontend-cost-predictor\.postcssrc.js
FNF:0
FNH:0
DA:3,0
LF:1
LH:0
BRF:0
BRH:0
end_of_record
TN:
SF:c:\frontend-cost-predictor\nightwatch.conf.js
FNF:0
FNH:0
DA:2,0
LF:1
LH:0
BRF:0
BRH:0
end_of_record
TN:
SF:c:\frontend-cost-predictor\build\build.js
FN:18,(anonymous_0)
FN:20,(anonymous_1)
FNF:2
FNH:0
FNDA:0,(anonymous_0)
FNDA:0,(anonymous_1)
DA:3,0
DA:5,0
DA:7,0
DA:8,0
DA:9,0
DA:10,0
DA:11,0
DA:12,0
DA:13,0
DA:15,0
DA:16,0
DA:18,0
DA:19,0
DA:20,0
DA:21,0
DA:22,0
DA:23,0
DA:31,0
DA:32,0
LF:19
LH:0
BRDA:5,0,0,0
BRDA:5,0,1,0
BRDA:19,1,0,0
BRDA:19,1,1,0
BRDA:22,2,0,0
BRDA:22,2,1,0
BRF:6
BRH:0
end_of_record
TN:
SF:c:\frontend-cost-predictor\build\check-versions.js
FN:7,exec
FN:27,(anonymous_1)
FNF:2
FNH:0
FNDA:0,exec
FNDA:0,(anonymous_1)
DA:3,0
DA:4,0
DA:5,0
DA:6,0
DA:8,0
DA:11,0
DA:19,0
DA:20,0
DA:27,0
DA:28,0
DA:29,0
DA:30,0
DA:31,0
DA:32,0
DA:39,0
DA:40,0
DA:41,0
DA:42,0
DA:43,0
DA:44,0
DA:45,0
DA:47,0
DA:48,0
LF:23
LH:0
BRDA:19,0,0,0
BRDA:19,0,1,0
BRDA:31,1,0,0
BRDA:31,1,1,0
BRDA:39,2,0,0
BRDA:39,2,1,0
BRF:6
BRH:0
end_of_record
TN:
SF:c:\frontend-cost-predictor\build\dev-client.js
FN:7,(anonymous_0)
FNF:1
FNH:0
FNDA:0,(anonymous_0)
DA:4,0
DA:5,0
DA:7,0
DA:8,0
DA:9,0
LF:5
LH:0
BRDA:8,0,0,0
BRDA:8,0,1,0
BRF:2
BRH:0
end_of_record
TN:
SF:c:\frontend-cost-predictor\build\dev-server.js
FN:1,_interopRequireDefault
FN:37,(anonymous_1)
FN:38,(anonymous_2)
FN:49,(anonymous_3)
FN:70,(anonymous_4)
FN:75,(anonymous_5)
FN:88,close
FNF:7
FNH:0
FNDA:0,_interopRequireDefault
FNDA:0,(anonymous_1)
FNDA:0,(anonymous_2)
FNDA:0,(anonymous_3)
FNDA:0,(anonymous_4)
FNDA:0,(anonymous_5)
FNDA:0,close
DA:1,0
DA:3,0
DA:5,0
DA:6,0
DA:7,0
DA:10,0
DA:11,0
DA:12,0
DA:13,0
DA:14,0
DA:15,0
DA:18,0
DA:20,0
DA:23,0
DA:25,0
DA:26,0
DA:28,0
DA:33,0
DA:37,0
DA:38,0
DA:39,0
DA:40,0
DA:46,0
DA:49,0
DA:50,0
DA:51,0
DA:52,0
DA:54,0
DA:58,0
DA:61,0
DA:64,0
DA:65,0
DA:67,0
DA:69,0
DA:70,0
DA:71,0
DA:74,0
DA:75,0
DA:76,0
DA:78,0
DA:79,0
DA:81,0
DA:84,0
DA:86,0
DA:89,0
LF:45
LH:0
BRDA:1,0,0,0
BRDA:1,0,1,0
BRDA:1,1,0,0
BRDA:1,1,1,0
BRDA:6,2,0,0
BRDA:6,2,1,0
BRDA:18,3,0,0
BRDA:18,3,1,0
BRDA:51,4,0,0
BRDA:51,4,1,0
BRDA:54,5,0,0
BRDA:54,5,1,0
BRDA:78,6,0,0
BRDA:78,6,1,0
BRDA:78,7,0,0
BRDA:78,7,1,0
BRF:16
BRH:0
end_of_record
TN:
SF:c:\frontend-cost-predictor\build\load-minified.js
FN:6,(anonymous_0)
FNF:1
FNH:0
FNDA:0,(anonymous_0)
DA:3,0
DA:4,0
DA:6,0
DA:7,0
DA:8,0
DA:9,0
DA:10,0
LF:7
LH:0
BRDA:9,0,0,0
BRDA:9,0,1,0
BRF:2
BRH:0
end_of_record
TN:
SF:c:\frontend-cost-predictor\build\utils.js
FN:1,_interopRequireDefault
FN:7,(anonymous_1)
FN:14,(anonymous_2)
FN:26,generateLoaders
FN:62,(anonymous_4)
FNF:5
FNH:0
FNDA:0,_interopRequireDefault
FNDA:0,(anonymous_1)
FNDA:0,(anonymous_2)
FNDA:0,generateLoaders
FNDA:0,(anonymous_4)
DA:1,0
DA:3,0
DA:4,0
DA:5,0
DA:7,0
DA:8,0
DA:11,0
DA:14,0
DA:15,0
DA:17,0
DA:27,0
DA:28,0
DA:29,0
DA:39,0
DA:40,0
DA:45,0
DA:50,0
DA:62,0
DA:63,0
DA:64,0
DA:65,0
DA:66,0
DA:67,0
DA:72,0
LF:24
LH:0
BRDA:1,0,0,0
BRDA:1,0,1,0
BRDA:1,1,0,0
BRDA:1,1,1,0
BRDA:8,2,0,0
BRDA:8,2,1,0
BRDA:15,3,0,0
BRDA:15,3,1,0
BRDA:28,4,0,0
BRDA:28,4,1,0
BRDA:39,5,0,0
BRDA:39,5,1,0
BRF:12
BRH:0
end_of_record
TN:
SF:c:\frontend-cost-predictor\build\vue-loader.conf.js
FNF:0
FNH:0
DA:3,0
DA:4,0
DA:5,0
DA:7,0
LF:4
LH:0
BRDA:9,0,0,0
BRDA:9,0,1,0
BRF:2
BRH:0
end_of_record
TN:
SF:c:\frontend-cost-predictor\build\webpack.base.conf.js
FN:8,resolve
FNF:1
FNH:0
FNDA:0,resolve
DA:3,0
DA:4,0
DA:5,0
DA:6,0
DA:9,0
DA:12,0
LF:6
LH:0
BRDA:19,0,0,0
BRDA:19,0,1,0
BRF:2
BRH:0
end_of_record
TN:
SF:c:\frontend-cost-predictor\build\webpack.dev.conf.js
FN:1,_interopRequireDefault
FN:14,(anonymous_1)
FNF:2
FNH:0
FNDA:0,_interopRequireDefault
FNDA:0,(anonymous_1)
DA:1,0
DA:3,0
DA:4,0
DA:5,0
DA:6,0
DA:7,0
DA:8,0
DA:9,0
DA:10,0
DA:11,0
DA:14,0
DA:15,0
DA:18,0
LF:13
LH:0
BRDA:1,0,0,0
BRDA:1,0,1,0
BRDA:1,1,0,0
BRDA:1,1,1,0
BRF:4
BRH:0
end_of_record
TN:
SF:c:\frontend-cost-predictor\build\webpack.prod.conf.js
FN:88,minChunks
FNF:1
FNH:0
FNDA:0,minChunks
DA:3,0
DA:4,0
DA:5,0
DA:6,0
DA:7,0
DA:8,0
DA:9,0
DA:10,0
DA:11,0
DA:12,0
DA:13,0
DA:14,0
DA:15,0
DA:18,0
DA:19,0
DA:21,0
DA:22,0
DA:25,0
DA:26,0
DA:29,0
DA:30,0
DA:33,0
DA:90,0
DA:116,0
DA:117,0
DA:119,0
DA:134,0
DA:135,0
DA:136,0
DA:139,0
LF:30
LH:0
BRDA:19,0,0,0
BRDA:19,0,1,0
BRDA:19,0,2,0
BRDA:19,0,3,0
BRDA:40,1,0,0
BRDA:40,1,1,0
BRDA:91,2,0,0
BRDA:91,2,1,0
BRDA:91,2,2,0
BRDA:116,3,0,0
BRDA:116,3,1,0
BRDA:134,4,0,0
BRDA:134,4,1,0
BRF:13
BRH:0
end_of_record
TN:
SF:c:\frontend-cost-predictor\config\dev.env.js
FNF:0
FNH:0
DA:3,0
DA:4,0
DA:6,0
LF:3
LH:0
BRF:0
BRH:0
end_of_record
TN:
SF:c:\frontend-cost-predictor\config\index.js
FNF:0
FNH:0
DA:4,0
DA:6,0
LF:2
LH:0
BRF:0
BRH:0
end_of_record
TN:
SF:c:\frontend-cost-predictor\config\prod.env.js
FNF:0
FNH:0
DA:1,0
LF:1
LH:0
BRF:0
BRH:0
end_of_record
TN:
SF:c:\frontend-cost-predictor\config\testing.env.js
FNF:0
FNH:0
DA:5,0
DA:6,0
DA:8,0
LF:3
LH:0
BRF:0
BRH:0
end_of_record
TN:
SF:c:\frontend-cost-predictor\coverage\lcov-report\block-navigation.js
FN:1,init
FN:16,toggleClass
FN:21,makeCurrent
FN:28,goToPrevious
FN:39,goToNext
FN:49,jump
FNF:6
FNH:0
FNDA:0,init
FNDA:0,toggleClass
FNDA:0,makeCurrent
FNDA:0,goToPrevious
FNDA:0,goToNext
FNDA:0,jump
DA:1,0
DA:3,0
DA:6,0
DA:9,0
DA:12,0
DA:17,0
DA:18,0
DA:22,0
DA:23,0
DA:24,0
DA:29,0
DA:30,0
DA:31,0
DA:32,0
DA:33,0
DA:36,0
DA:40,0
DA:42,0
DA:43,0
DA:46,0
DA:49,0
DA:50,0
DA:53,0
DA:54,0
DA:58,0
DA:59,0
DA:63,0
LF:27
LH:0
BRDA:30,0,0,0
BRDA:30,0,1,0
BRDA:30,1,0,0
BRDA:30,1,1,0
BRDA:32,2,0,0
BRDA:32,2,1,0
BRDA:42,3,0,0
BRDA:42,3,1,0
BRDA:42,4,0,0
BRDA:42,4,1,0
BRDA:50,5,0,0
BRDA:50,5,1,0
BRDA:50,5,2,0
BRDA:50,5,3,0
BRDA:50,5,4,0
BRF:15
BRH:0
end_of_record
TN:
SF:c:\frontend-cost-predictor\coverage\lcov-report\prettify.js
FN:1,(anonymous_0)
FN:1,k
FN:1,ab
FN:1,T
FN:1,X
FN:1,(anonymous_5)
FN:1,W
FN:1,(anonymous_7)
FN:1,a
FN:1,aa
FN:1,B
FN:1,o
FN:1,g
FN:1,(anonymous_13)
FN:1,W
FN:1,i
FN:1,Q
FN:1,ae
FN:1,ad
FN:1,ai
FN:1,D
FN:1,c
FN:1,q
FN:1,d
FN:1,y
FN:1,b
FN:1,Y
FN:1,now
FN:1,U
FNF:29
FNH:0
FNDA:0,(anonymous_0)
FNDA:0,k
FNDA:0,ab
FNDA:0,T
FNDA:0,X
FNDA:0,(anonymous_5)
FNDA:0,W
FNDA:0,(anonymous_7)
FNDA:0,a
FNDA:0,aa
FNDA:0,B
FNDA:0,o
FNDA:0,g
FNDA:0,(anonymous_13)
FNDA:0,W
FNDA:0,i
FNDA:0,Q
FNDA:0,ae
FNDA:0,ad
FNDA:0,ai
FNDA:0,D
FNDA:0,c
FNDA:0,q
FNDA:0,d
FNDA:0,y
FNDA:0,b
FNDA:0,Y
FNDA:0,now
FNDA:0,U
DA:1,0
LF:1
LH:0
BRDA:1,0,0,0
BRDA:1,0,1,0
BRDA:1,1,0,0
BRDA:1,1,1,0
BRDA:1,2,0,0
BRDA:1,2,1,0
BRDA:1,3,0,0
BRDA:1,3,1,0
BRDA:1,4,0,0
BRDA:1,4,1,0
BRDA:1,5,0,0
BRDA:1,5,1,0
BRDA:1,6,0,0
BRDA:1,6,1,0
BRDA:1,7,0,0
BRDA:1,7,1,0
BRDA:1,8,0,0
BRDA:1,8,1,0
BRDA:1,9,0,0
BRDA:1,9,1,0
BRDA:1,10,0,0
BRDA:1,10,1,0
BRDA:1,11,0,0
BRDA:1,11,1,0
BRDA:1,11,2,0
BRDA:1,11,3,0
BRDA:1,12,0,0
BRDA:1,12,1,0
BRDA:1,13,0,0
BRDA:1,13,1,0
BRDA:1,14,0,0
BRDA:1,14,1,0
BRDA:1,15,0,0
BRDA:1,15,1,0
BRDA:1,16,0,0
BRDA:1,16,1,0
BRDA:1,17,0,0
BRDA:1,17,1,0
BRDA:1,18,0,0
BRDA:1,18,1,0
BRDA:1,19,0,0
BRDA:1,19,1,0
BRDA:1,20,0,0
BRDA:1,20,1,0
BRDA:1,21,0,0
BRDA:1,21,1,0
BRDA:1,22,0,0
BRDA:1,22,1,0
BRDA:1,23,0,0
BRDA:1,23,1,0
BRDA:1,24,0,0
BRDA:1,24,1,0
BRDA:1,25,0,0
BRDA:1,25,1,0
BRDA:1,26,0,0
BRDA:1,26,1,0
BRDA:1,27,0,0
BRDA:1,27,1,0
BRDA:1,28,0,0
BRDA:1,28,1,0
BRDA:1,29,0,0
BRDA:1,29,1,0
BRDA:1,30,0,0
BRDA:1,30,1,0
BRDA:1,31,0,0
BRDA:1,31,1,0
BRDA:1,32,0,0
BRDA:1,32,1,0
BRDA:1,33,0,0
BRDA:1,33,1,0
BRDA:1,34,0,0
BRDA:1,34,1,0
BRDA:1,35,0,0
BRDA:1,35,1,0
BRDA:1,36,0,0
BRDA:1,36,1,0
BRDA:1,37,0,0
BRDA:1,37,1,0
BRDA:1,38,0,0
BRDA:1,38,1,0
BRDA:1,39,0,0
BRDA:1,39,1,0
BRDA:1,40,0,0
BRDA:1,40,1,0
BRDA:1,41,0,0
BRDA:1,41,1,0
BRDA:1,42,0,0
BRDA:1,42,1,0
BRDA:1,43,0,0
BRDA:1,43,1,0
BRDA:1,44,0,0
BRDA:1,44,1,0
BRDA:1,45,0,0
BRDA:1,45,1,0
BRDA:1,46,0,0
BRDA:1,46,1,0
BRDA:1,47,0,0
BRDA:1,47,1,0
BRDA:1,48,0,0
BRDA:1,48,1,0
BRDA:1,49,0,0
BRDA:1,49,1,0
BRDA:1,49,2,0
BRDA:1,50,0,0
BRDA:1,50,1,0
BRDA:1,51,0,0
BRDA:1,51,1,0
BRDA:1,52,0,0
BRDA:1,52,1,0
BRDA:1,53,0,0
BRDA:1,53,1,0
BRDA:1,54,0,0
BRDA:1,54,1,0
BRDA:1,55,0,0
BRDA:1,55,1,0
BRDA:1,56,0,0
BRDA:1,56,1,0
BRDA:1,57,0,0
BRDA:1,57,1,0
BRDA:1,58,0,0
BRDA:1,58,1,0
BRDA:1,59,0,0
BRDA:1,59,1,0
BRDA:1,60,0,0
BRDA:1,60,1,0
BRDA:1,61,0,0
BRDA:1,61,1,0
BRDA:1,62,0,0
BRDA:1,62,1,0
BRDA:1,63,0,0
BRDA:1,63,1,0
BRDA:1,64,0,0
BRDA:1,64,1,0
BRDA:1,65,0,0
BRDA:1,65,1,0
BRDA:1,66,0,0
BRDA:1,66,1,0
BRDA:1,67,0,0
BRDA:1,67,1,0
BRDA:1,68,0,0
BRDA:1,68,1,0
BRDA:1,69,0,0
BRDA:1,69,1,0
BRDA:1,70,0,0
BRDA:1,70,1,0
BRDA:1,71,0,0
BRDA:1,71,1,0
BRDA:1,72,0,0
BRDA:1,72,1,0
BRDA:1,73,0,0
BRDA:1,73,1,0
BRDA:1,74,0,0
BRDA:1,74,1,0
BRDA:1,75,0,0
BRDA:1,75,1,0
BRDA:1,76,0,0
BRDA:1,76,1,0
BRDA:1,77,0,0
BRDA:1,77,1,0
BRDA:1,78,0,0
BRDA:1,78,1,0
BRDA:1,79,0,0
BRDA:1,79,1,0
BRDA:1,80,0,0
BRDA:1,80,1,0
BRDA:1,81,0,0
BRDA:1,81,1,0
BRDA:1,82,0,0
BRDA:1,82,1,0
BRDA:1,83,0,0
BRDA:1,83,1,0
BRDA:1,84,0,0
BRDA:1,84,1,0
BRDA:1,85,0,0
BRDA:1,85,1,0
BRDA:1,86,0,0
BRDA:1,86,1,0
BRDA:1,87,0,0
BRDA:1,87,1,0
BRDA:1,88,0,0
BRDA:1,88,1,0
BRDA:1,88,2,0
BRDA:1,89,0,0
BRDA:1,89,1,0
BRDA:1,90,0,0
BRDA:1,90,1,0
BRDA:1,91,0,0
BRDA:1,91,1,0
BRDA:1,92,0,0
BRDA:1,92,1,0
BRDA:1,93,0,0
BRDA:1,93,1,0
BRDA:1,94,0,0
BRDA:1,94,1,0
BRDA:1,95,0,0
BRDA:1,95,1,0
BRDA:1,96,0,0
BRDA:1,96,1,0
BRDA:1,97,0,0
BRDA:1,97,1,0
BRDA:1,98,0,0
BRDA:1,98,1,0
BRDA:1,99,0,0
BRDA:1,99,1,0
BRDA:1,100,0,0
BRDA:1,100,1,0
BRDA:1,101,0,0
BRDA:1,101,1,0
BRDA:1,102,0,0
BRDA:1,102,1,0
BRDA:1,103,0,0
BRDA:1,103,1,0
BRDA:1,104,0,0
BRDA:1,104,1,0
BRDA:1,105,0,0
BRDA:1,105,1,0
BRDA:1,106,0,0
BRDA:1,106,1,0
BRDA:1,107,0,0
BRDA:1,107,1,0
BRDA:1,108,0,0
BRDA:1,108,1,0
BRDA:1,109,0,0
BRDA:1,109,1,0
BRDA:1,110,0,0
BRDA:1,110,1,0
BRDA:1,111,0,0
BRDA:1,111,1,0
BRDA:1,112,0,0
BRDA:1,112,1,0
BRDA:1,113,0,0
BRDA:1,113,1,0
BRDA:1,114,0,0
BRDA:1,114,1,0
BRDA:1,115,0,0
BRDA:1,115,1,0
BRDA:1,116,0,0
BRDA:1,116,1,0
BRDA:1,117,0,0
BRDA:1,117,1,0
BRDA:1,118,0,0
BRDA:1,118,1,0
BRDA:1,119,0,0
BRDA:1,119,1,0
BRDA:1,120,0,0
BRDA:1,120,1,0
BRDA:1,121,0,0
BRDA:1,121,1,0
BRDA:1,122,0,0
BRDA:1,122,1,0
BRDA:1,123,0,0
BRDA:1,123,1,0
BRDA:1,124,0,0
BRDA:1,124,1,0
BRDA:1,125,0,0
BRDA:1,125,1,0
BRDA:1,126,0,0
BRDA:1,126,1,0
BRDA:1,127,0,0
BRDA:1,127,1,0
BRDA:1,127,2,0
BRDA:1,128,0,0
BRDA:1,128,1,0
BRDA:1,129,0,0
BRDA:1,129,1,0
BRDA:1,130,0,0
BRDA:1,130,1,0
BRDA:1,130,2,0
BRDA:1,130,3,0
BRDA:1,130,4,0
BRDA:1,131,0,0
BRDA:1,131,1,0
BRDA:1,132,0,0
BRDA:1,132,1,0
BRDA:1,133,0,0
BRDA:1,133,1,0
BRDA:1,134,0,0
BRDA:1,134,1,0
BRDA:1,135,0,0
BRDA:1,135,1,0
BRDA:1,136,0,0
BRDA:1,136,1,0
BRDA:1,137,0,0
BRDA:1,137,1,0
BRF:284
BRH:0
end_of_record
TN:
SF:c:\frontend-cost-predictor\coverage\lcov-report\sorter.js
FN:1,(anonymous_0)
FN:10,getTable
FN:12,getTableHeader
FN:14,getTableBody
FN:16,getNthColumn
FN:19,loadColumns
FN:43,loadRowData
FN:62,loadData
FN:71,sortByIndex
FN:73,sorter
FN:85,finalSorter
FN:102,removeSortIndicators
FN:110,addSortIndicators
FN:114,enableUI
FN:117,ithSorter
FN:120,(anonymous_15)
FN:147,(anonymous_16)
FNF:17
FNH:0
FNDA:0,(anonymous_0)
FNDA:0,getTable
FNDA:0,getTableHeader
FNDA:0,getTableBody
FNDA:0,getNthColumn
FNDA:0,loadColumns
FNDA:0,loadRowData
FNDA:0,loadData
FNDA:0,sortByIndex
FNDA:0,sorter
FNDA:0,finalSorter
FNDA:0,removeSortIndicators
FNDA:0,addSortIndicators
FNDA:0,enableUI
FNDA:0,ithSorter
FNDA:0,(anonymous_15)
FNDA:0,(anonymous_16)
DA:1,0
DA:4,0
DA:10,0
DA:12,0
DA:14,0
DA:16,0
DA:20,0
DA:22,0
DA:26,0
DA:27,0
DA:28,0
DA:33,0
DA:34,0
DA:35,0
DA:36,0
DA:39,0
DA:44,0
DA:47,0
DA:50,0
DA:51,0
DA:52,0
DA:53,0
DA:54,0
DA:55,0
DA:57,0
DA:59,0
DA:63,0
DA:66,0
DA:67,0
DA:72,0
DA:73,0
DA:74,0
DA:75,0
DA:76,0
DA:78,0
DA:79,0
DA:80,0
DA:81,0
DA:84,0
DA:85,0
DA:86,0
DA:90,0
DA:91,0
DA:92,0
DA:95,0
DA:97,0
DA:98,0
DA:103,0
DA:104,0
DA:106,0
DA:107,0
DA:111,0
DA:117,0
DA:118,0
DA:120,0
DA:121,0
DA:123,0
DA:124,0
DA:126,0
DA:127,0
DA:128,0
DA:129,0
DA:130,0
DA:133,0
DA:134,0
DA:137,0
DA:138,0
DA:139,0
DA:141,0
DA:147,0
DA:148,0
DA:149,0
DA:151,0
DA:152,0
DA:153,0
DA:154,0
DA:158,0
LF:77
LH:0
BRDA:31,0,0,0
BRDA:31,0,1,0
BRDA:34,1,0,0
BRDA:34,1,1,0
BRDA:54,2,0,0
BRDA:54,2,1,0
BRDA:76,3,0,0
BRDA:76,3,1,0
BRDA:76,4,0,0
BRDA:76,4,1,0
BRDA:84,5,0,0
BRDA:84,5,1,0
BRDA:111,6,0,0
BRDA:111,6,1,0
BRDA:123,7,0,0
BRDA:123,7,1,0
BRDA:134,8,0,0
BRDA:134,8,1,0
BRDA:138,9,0,0
BRDA:138,9,1,0
BRDA:148,10,0,0
BRDA:148,10,1,0
BRF:22
BRH:0
end_of_record
TN:
SF:c:\frontend-cost-predictor\dist\static\js\app.3913b3dec6ef851beb56.js
FN:1,_
FN:1,_
FN:1,_
FN:1,_
FN:1,_
FN:1,_
FN:1,_
FN:1,_
FN:1,_
FN:1,_
FN:1,_
FN:1,_
FN:1,_
FN:1,_
FN:1,_
FN:1,_
FN:1,_
FN:1,_
FN:1,_
FN:1,_
FN:1,_
FN:1,(anonymous_21)
FN:1,(anonymous_22)
FN:1,_
FN:1,u
FN:1,_
FN:1,u
FN:1,_
FN:1,u
FN:1,(anonymous_29)
FN:1,(anonymous_30)
FN:1,_
FN:1,_
FN:1,_
FN:1,u
FN:1,(anonymous_35)
FN:1,n
FN:1,value
FN:1,_
FN:1,u
FN:1,t
FN:1,_
FN:1,u
FN:1,keyup
FN:1,callback
FN:1,callback
FN:1,callback
FN:1,callback
FN:1,click
FN:1,_
FN:1,u
FN:1,(anonymous_51)
FN:1,(anonymous_52)
FN:1,_
FN:1,_
FN:1,_
FN:1,u
FN:1,callback
FN:1,_
FN:1,u
FN:1,(anonymous_60)
FN:1,(anonymous_61)
FN:1,_
FN:1,_
FN:1,_
FN:1,u
FN:1,_
FN:1,_
FN:1,u
FN:1,_
FN:1,UPDATE_ERROR_MESSAGE
FN:1,UPDATE_ERROR_STATUS
FN:1,getErrorMessage
FN:1,getErrorStatus
FN:1,_
FN:1,_
FN:1,_
FN:1,_
FN:1,_
FN:1,data
FN:1,_
FN:1,u
FN:1,data
FN:1,required
FN:1,required
FN:1,buildingVolume
FN:1,floorAreaErrors
FN:1,floorHeightErrors
FN:1,catAcatBErrorsWithoutMessage
FN:1,catAcatBErrorsWithMessage
FN:1,calculateCostPrediction
FN:1,arePredictionParametersValid
FN:1,getPredictionFromApi
FN:1,n
FN:1,(anonymous_94)
FN:1,formatCost
FN:1,formatCostInThousands
FN:1,formatCostInMillions
FN:1,handleError
FN:1,_
FN:1,(anonymous_100)
FN:1,get
FN:1,set
FN:1,_
FN:1,_
FN:1,u
FN:1,render
FNF:107
FNH:0
FNDA:0,_
FNDA:0,_
FNDA:0,_
FNDA:0,_
FNDA:0,_
FNDA:0,_
FNDA:0,_
FNDA:0,_
FNDA:0,_
FNDA:0,_
FNDA:0,_
FNDA:0,_
FNDA:0,_
FNDA:0,_
FNDA:0,_
FNDA:0,_
FNDA:0,_
FNDA:0,_
FNDA:0,_
FNDA:0,_
FNDA:0,_
FNDA:0,(anonymous_21)
FNDA:0,(anonymous_22)
FNDA:0,_
FNDA:0,u
FNDA:0,_
FNDA:0,u
FNDA:0,_
FNDA:0,u
FNDA:0,(anonymous_29)
FNDA:0,(anonymous_30)
FNDA:0,_
FNDA:0,_
FNDA:0,_
FNDA:0,u
FNDA:0,(anonymous_35)
FNDA:0,n
FNDA:0,value
FNDA:0,_
FNDA:0,u
FNDA:0,t
FNDA:0,_
FNDA:0,u
FNDA:0,keyup
FNDA:0,callback
FNDA:0,callback
FNDA:0,callback
FNDA:0,callback
FNDA:0,click
FNDA:0,_
FNDA:0,u
FNDA:0,(anonymous_51)
FNDA:0,(anonymous_52)
FNDA:0,_
FNDA:0,_
FNDA:0,_
FNDA:0,u
FNDA:0,callback
FNDA:0,_
FNDA:0,u
FNDA:0,(anonymous_60)
FNDA:0,(anonymous_61)
FNDA:0,_
FNDA:0,_
FNDA:0,_
FNDA:0,u
FNDA:0,_
FNDA:0,_
FNDA:0,u
FNDA:0,_
FNDA:0,UPDATE_ERROR_MESSAGE
FNDA:0,UPDATE_ERROR_STATUS
FNDA:0,getErrorMessage
FNDA:0,getErrorStatus
FNDA:0,_
FNDA:0,_
FNDA:0,_
FNDA:0,_
FNDA:0,_
FNDA:0,data
FNDA:0,_
FNDA:0,u
FNDA:0,data
FNDA:0,required
FNDA:0,required
FNDA:0,buildingVolume
FNDA:0,floorAreaErrors
FNDA:0,floorHeightErrors
FNDA:0,catAcatBErrorsWithoutMessage
FNDA:0,catAcatBErrorsWithMessage
FNDA:0,calculateCostPrediction
FNDA:0,arePredictionParametersValid
FNDA:0,getPredictionFromApi
FNDA:0,n
FNDA:0,(anonymous_94)
FNDA:0,formatCost
FNDA:0,formatCostInThousands
FNDA:0,formatCostInMillions
FNDA:0,handleError
FNDA:0,_
FNDA:0,(anonymous_100)
FNDA:0,get
FNDA:0,set
FNDA:0,_
FNDA:0,_
FNDA:0,u
FNDA:0,render
DA:1,0
LF:1
LH:0
BRDA:1,0,0,0
BRDA:1,0,1,0
BRDA:1,1,0,0
BRDA:1,1,1,0
BRDA:1,2,0,0
BRDA:1,2,1,0
BRDA:1,3,0,0
BRDA:1,3,1,0
BRDA:1,4,0,0
BRDA:1,4,1,0
BRDA:1,5,0,0
BRDA:1,5,1,0
BRDA:1,6,0,0
BRDA:1,6,1,0
BRDA:1,7,0,0
BRDA:1,7,1,0
BRDA:1,8,0,0
BRDA:1,8,1,0
BRDA:1,9,0,0
BRDA:1,9,1,0
BRDA:1,10,0,0
BRDA:1,10,1,0
BRDA:1,11,0,0
BRDA:1,11,1,0
BRDA:1,12,0,0
BRDA:1,12,1,0
BRDA:1,13,0,0
BRDA:1,13,1,0
BRDA:1,14,0,0
BRDA:1,14,1,0
BRDA:1,15,0,0
BRDA:1,15,1,0
BRDA:1,16,0,0
BRDA:1,16,1,0
BRDA:1,17,0,0
BRDA:1,17,1,0
BRDA:1,18,0,0
BRDA:1,18,1,0
BRDA:1,19,0,0
BRDA:1,19,1,0
BRDA:1,20,0,0
BRDA:1,20,1,0
BRDA:1,21,0,0
BRDA:1,21,1,0
BRDA:1,22,0,0
BRDA:1,22,1,0
BRDA:1,23,0,0
BRDA:1,23,1,0
BRDA:1,24,0,0
BRDA:1,24,1,0
BRDA:1,25,0,0
BRDA:1,25,1,0
BRDA:1,26,0,0
BRDA:1,26,1,0
BRDA:1,27,0,0
BRDA:1,27,1,0
BRDA:1,28,0,0
BRDA:1,28,1,0
BRDA:1,29,0,0
BRDA:1,29,1,0
BRDA:1,30,0,0
BRDA:1,30,1,0
BRDA:1,31,0,0
BRDA:1,31,1,0
BRDA:1,32,0,0
BRDA:1,32,1,0
BRDA:1,33,0,0
BRDA:1,33,1,0
BRDA:1,34,0,0
BRDA:1,34,1,0
BRDA:1,35,0,0
BRDA:1,35,1,0
BRDA:1,36,0,0
BRDA:1,36,1,0
BRDA:1,37,0,0
BRDA:1,37,1,0
BRDA:1,38,0,0
BRDA:1,38,1,0
BRDA:1,38,2,0
BRDA:1,38,3,0
BRDA:1,38,4,0
BRDA:1,39,0,0
BRDA:1,39,1,0
BRDA:1,40,0,0
BRDA:1,40,1,0
BRDA:1,41,0,0
BRDA:1,41,1,0
BRDA:1,42,0,0
BRDA:1,42,1,0
BRDA:1,43,0,0
BRDA:1,43,1,0
BRF:91
BRH:0
end_of_record
TN:
SF:c:\frontend-cost-predictor\dist\static\js\manifest.2ae2e69a05c33dfc65f8.js
FN:1,_interopRequireDefault
FN:1,(anonymous_1)
FN:1,n
FN:1,(anonymous_3)
FN:1,(anonymous_4)
FN:1,(anonymous_5)
FN:1,(anonymous_6)
FN:1,(anonymous_7)
FN:1,(anonymous_8)
FN:1,(anonymous_9)
FNF:10
FNH:0
FNDA:0,_interopRequireDefault
FNDA:0,(anonymous_1)
FNDA:0,n
FNDA:0,(anonymous_3)
FNDA:0,(anonymous_4)
FNDA:0,(anonymous_5)
FNDA:0,(anonymous_6)
FNDA:0,(anonymous_7)
FNDA:0,(anonymous_8)
FNDA:0,(anonymous_9)
DA:1,0
LF:1
LH:0
BRDA:1,0,0,0
BRDA:1,0,1,0
BRDA:1,1,0,0
BRDA:1,1,1,0
BRDA:1,2,0,0
BRDA:1,2,1,0
BRDA:1,3,0,0
BRDA:1,3,1,0
BRDA:1,4,0,0
BRDA:1,4,1,0
BRDA:1,5,0,0
BRDA:1,5,1,0
BRDA:1,6,0,0
BRDA:1,6,1,0
BRDA:1,7,0,0
BRDA:1,7,1,0
BRDA:1,8,0,0
BRDA:1,8,1,0
BRF:18
BRH:0
end_of_record
TN:
SF:c:\frontend-cost-predictor\dist\static\js\vendor.5cc9f16983fa4c22f06a.js
FN:1,_interopRequireDefault
FN:1,(anonymous_1)
FN:1,r
FN:1,render
FN:1,i
FN:1,render
FN:1,(anonymous_6)
FN:1,o
FN:1,render
FN:1,a
FN:1,s
FN:1,r
FN:1,u
FN:1,c
FN:1,(anonymous_14)
FN:1,l
FN:1,f
FN:1,d
FN:1,(anonymous_18)
FN:1,p
FN:1,h
FN:1,(anonymous_21)
FN:1,v
FN:1,m
FN:1,(anonymous_24)
FN:1,y
FN:1,g
FN:1,b
FN:1,_
FN:1,(anonymous_29)
FN:1,(anonymous_30)
FN:1,(anonymous_31)
FN:1,(anonymous_32)
FN:1,(anonymous_33)
FN:1,(anonymous_34)
FN:1,(anonymous_35)
FN:1,(anonymous_36)
FN:1,(anonymous_37)
FN:1,(anonymous_38)
FN:1,(anonymous_39)
FN:1,(anonymous_40)
FN:1,r
FN:1,i
FN:1,o
FN:1,a
FN:1,s
FN:1,u
FN:1,c
FN:1,l
FN:1,f
FN:1,d
FN:1,p
FN:1,h
FN:1,v
FN:1,(anonymous_54)
FN:1,(anonymous_55)
FN:1,m
FN:1,y
FN:1,g
FN:1,(anonymous_59)
FN:1,b
FN:1,n
FN:1,_
FN:1,w
FN:1,x
FN:1,O
FN:1,k
FN:1,C
FN:1,(anonymous_68)
FN:1,(anonymous_69)
FN:1,S
FN:1,A
FN:1,(anonymous_72)
FN:1,j
FN:1,$
FN:1,T
FN:1,(anonymous_76)
FN:1,M
FN:1,E
FN:1,P
FN:1,L
FN:1,I
FN:1,V
FN:1,B
FN:1,N
FN:1,R
FN:1,D
FN:1,get
FN:1,set
FN:1,F
FN:1,z
FN:1,H
FN:1,U
FN:1,q
FN:1,(anonymous_94)
FN:1,(anonymous_95)
FN:1,W
FN:1,G
FN:1,X
FN:1,Y
FN:1,K
FN:1,Z
FN:1,J
FN:1,Q
FN:1,tt
FN:1,r
FN:1,et
FN:1,nt
FN:1,rt
FN:1,it
FN:1,ot
FN:1,at
FN:1,st
FN:1,ut
FN:1,ct
FN:1,lt
FN:1,ft
FN:1,dt
FN:1,pt
FN:1,(anonymous_119)
FN:1,ht
FN:1,(anonymous_121)
FN:1,(anonymous_122)
FN:1,vt
FN:1,mt
FN:1,yt
FN:1,e
FN:1,gt
FN:1,bt
FN:1,a
FN:1,_t
FN:1,wt
FN:1,xt
FN:1,Ot
FN:1,kt
FN:1,Ct
FN:1,St
FN:1,At
FN:1,jt
FN:1,c
FN:1,(anonymous_140)
FN:1,(anonymous_141)
FN:1,(anonymous_142)
FN:1,(anonymous_143)
FN:1,$t
FN:1,Tt
FN:1,Mt
FN:1,Et
FN:1,Pt
FN:1,Lt
FN:1,It
FN:1,Vt
FN:1,Bt
FN:1,Nt
FN:1,Rt
FN:1,(anonymous_155)
FN:1,(anonymous_156)
FN:1,Dt
FN:1,Ft
FN:1,zt
FN:1,Ht
FN:1,Ut
FN:1,qt
FN:1,Wt
FN:1,(anonymous_164)
FN:1,Gt
FN:1,Xt
FN:1,Yt
FN:1,Kt
FN:1,Zt
FN:1,(anonymous_170)
FN:1,(anonymous_171)
FN:1,Jt
FN:1,Qt
FN:1,(anonymous_174)
FN:1,(anonymous_175)
FN:1,te
FN:1,ee
FN:1,ne
FN:1,re
FN:1,(anonymous_180)
FN:1,ie
FN:1,(anonymous_182)
FN:1,oe
FN:1,ae
FN:1,se
FN:1,ue
FN:1,ce
FN:1,(anonymous_188)
FN:1,(anonymous_189)
FN:1,le
FN:1,fe
FN:1,de
FN:1,pe
FN:1,he
FN:1,ve
FN:1,me
FN:1,(anonymous_197)
FN:1,(anonymous_198)
FN:1,ye
FN:1,ge
FN:1,be
FN:1,_e
FN:1,we
FN:1,xe
FN:1,Oe
FN:1,(anonymous_206)
FN:1,(anonymous_207)
FN:1,(anonymous_208)
FN:1,ke
FN:1,Ce
FN:1,Se
FN:1,Ae
FN:1,je
FN:1,$e
FN:1,Te
FN:1,Me
FN:1,Ee
FN:1,Pe
FN:1,Le
FN:1,Ie
FN:1,(anonymous_221)
FN:1,(anonymous_222)
FN:1,(anonymous_223)
FN:1,(anonymous_224)
FN:1,Ve
FN:1,Be
FN:1,Ne
FN:1,Re
FN:1,De
FN:1,Fe
FN:1,(anonymous_231)
FN:1,ze
FN:1,(anonymous_233)
FN:1,He
FN:1,(anonymous_235)
FN:1,a
FN:1,(anonymous_237)
FN:1,Ue
FN:1,qe
FN:1,We
FN:1,(anonymous_241)
FN:1,(anonymous_242)
FN:1,Ge
FN:1,Xe
FN:1,Ye
FN:1,Ke
FN:1,Ze
FN:1,Je
FN:1,Qe
FN:1,tn
FN:1,en
FN:1,nn
FN:1,rn
FN:1,on
FN:1,an
FN:1,sn
FN:1,un
FN:1,cn
FN:1,ln
FN:1,fn
FN:1,dn
FN:1,pn
FN:1,hn
FN:1,vn
FN:1,mn
FN:1,yn
FN:1,gn
FN:1,bn
FN:1,_n
FN:1,wn
FN:1,xn
FN:1,On
FN:1,kn
FN:1,Cn
FN:1,f
FN:1,(anonymous_276)
FN:1,Sn
FN:1,An
FN:1,jn
FN:1,$n
FN:1,Tn
FN:1,Mn
FN:1,r
FN:1,En
FN:1,Pn
FN:1,Ln
FN:1,i
FN:1,In
FN:1,Vn
FN:1,Bn
FN:1,Nn
FN:1,Rn
FN:1,Dn
FN:1,Fn
FN:1,zn
FN:1,Hn
FN:1,Un
FN:1,qn
FN:1,Wn
FN:1,(anonymous_300)
FN:1,Gn
FN:1,(anonymous_302)
FN:1,Xn
FN:1,Yn
FN:1,(anonymous_305)
FN:1,Kn
FN:1,Zn
FN:1,Jn
FN:1,c
FN:1,l
FN:1,(anonymous_311)
FN:1,Qn
FN:1,tr
FN:1,(anonymous_314)
FN:1,er
FN:1,nr
FN:1,(anonymous_317)
FN:1,(anonymous_318)
FN:1,(anonymous_319)
FN:1,rr
FN:1,n
FN:1,(anonymous_322)
FN:1,(anonymous_323)
FN:1,ir
FN:1,or
FN:1,ar
FN:1,sr
FN:1,ur
FN:1,(anonymous_329)
FN:1,cr
FN:1,lr
FN:1,(anonymous_332)
FN:1,fr
FN:1,dr
FN:1,pr
FN:1,hr
FN:1,vr
FN:1,mr
FN:1,yr
FN:1,gr
FN:1,br
FN:1,_r
FN:1,wr
FN:1,xr
FN:1,Or
FN:6,(anonymous_346)
FN:6,(anonymous_347)
FN:6,(anonymous_348)
FN:6,(anonymous_349)
FN:6,Ir
FN:6,Vr
FN:6,get
FN:6,ri
FN:6,(anonymous_354)
FN:6,t
FN:6,(anonymous_356)
FN:6,(anonymous_357)
FN:6,(anonymous_358)
FN:6,di
FN:6,(anonymous_360)
FN:6,ai
FN:6,si
FN:6,ci
FN:6,pi
FN:6,ui
FN:6,(anonymous_366)
FN:6,vi
FN:6,(anonymous_368)
FN:6,(anonymous_369)
FN:6,(anonymous_370)
FN:6,(anonymous_371)
FN:6,yi
FN:6,(anonymous_373)
FN:6,bi
FN:6,(anonymous_375)
FN:6,(anonymous_376)
FN:6,ki
FN:6,(anonymous_378)
FN:6,(anonymous_379)
FN:6,(anonymous_380)
FN:6,(anonymous_381)
FN:6,(anonymous_382)
FN:6,(anonymous_383)
FN:6,(anonymous_384)
FN:6,(anonymous_385)
FN:6,ji
FN:6,Ai
FN:6,Ai
FN:6,Ai
FN:6,Si
FN:6,Ni
FN:6,set
FN:6,has
FN:6,get
FN:6,Vi
FN:6,Hi
FN:6,Ui
FN:6,(anonymous_398)
FN:6,ao
FN:6,(anonymous_400)
FN:6,(anonymous_401)
FN:6,(anonymous_402)
FN:6,(anonymous_403)
FN:6,(anonymous_404)
FN:6,(anonymous_405)
FN:6,(anonymous_406)
FN:6,(anonymous_407)
FN:6,(anonymous_408)
FN:6,init
FN:6,prepatch
FN:6,insert
FN:6,destroy
FN:6,(anonymous_413)
FN:6,(anonymous_414)
FN:6,(anonymous_415)
FN:6,(anonymous_416)
FN:6,(anonymous_417)
FN:6,(anonymous_418)
FN:6,(anonymous_419)
FN:6,(anonymous_420)
FN:6,(anonymous_421)
FN:6,(anonymous_422)
FN:6,(anonymous_423)
FN:6,(anonymous_424)
FN:6,n
FN:6,(anonymous_426)
FN:6,(anonymous_427)
FN:6,(anonymous_428)
FN:6,(anonymous_429)
FN:6,(anonymous_430)
FN:6,(anonymous_431)
FN:6,(anonymous_432)
FN:6,(anonymous_433)
FN:6,(anonymous_434)
FN:6,created
FN:6,destroyed
FN:6,mounted
FN:6,(anonymous_438)
FN:6,(anonymous_439)
FN:6,(anonymous_440)
FN:6,(anonymous_441)
FN:6,render
FN:6,(anonymous_443)
FN:6,(anonymous_444)
FN:6,(anonymous_445)
FN:6,(anonymous_446)
FN:6,get
FN:6,xo
FN:6,So
FN:6,Ao
FN:6,jo
FN:6,Eo
FN:6,create
FN:6,update
FN:6,destroy
FN:6,destroy
FN:6,(anonymous_457)
FN:6,(anonymous_458)
FN:6,Zo
FN:6,(anonymous_460)
FN:6,(anonymous_461)
FN:6,(anonymous_462)
FN:6,remove
FN:6,(anonymous_464)
FN:6,e
FN:6,n
FN:6,n
FN:6,a
FN:6,u
FN:6,(anonymous_470)
FN:6,c
FN:6,l
FN:6,d
FN:6,p
FN:6,h
FN:6,m
FN:6,y
FN:6,g
FN:6,b
FN:6,_
FN:6,w
FN:6,x
FN:6,O
FN:6,k
FN:6,C
FN:6,S
FN:6,A
FN:6,j
FN:6,$
FN:6,T
FN:6,(anonymous_491)
FN:6,(anonymous_492)
FN:6,inserted
FN:6,(anonymous_494)
FN:6,componentUpdated
FN:6,(anonymous_496)
FN:6,(anonymous_497)
FN:6,bind
FN:6,(anonymous_499)
FN:6,update
FN:6,(anonymous_501)
FN:6,(anonymous_502)
FN:6,unbind
FN:6,render
FN:6,(anonymous_505)
FN:6,(anonymous_506)
FN:6,(anonymous_507)
FN:6,p
FN:6,(anonymous_509)
FN:6,render
FN:6,beforeUpdate
FN:6,updated
FN:6,(anonymous_513)
FN:6,t
FN:6,hasMove
FN:6,(anonymous_516)
FN:6,(anonymous_517)
FN:6,(anonymous_518)
FN:6,(anonymous_519)
FN:6,(anonymous_520)
FN:6,(anonymous_521)
FN:6,(anonymous_522)
FN:6,t
FN:6,(anonymous_524)
FN:6,(anonymous_525)
FN:6,data
FN:6,computedColor
FN:6,addBackgroundColorClassChecks
FN:6,addTextColorClassChecks
FN:6,(anonymous_530)
FN:6,(anonymous_531)
FN:6,(anonymous_532)
FN:6,u
FN:6,(anonymous_534)
FN:6,e
FN:6,(anonymous_536)
FN:6,r
FN:6,i
FN:6,o
FN:6,a
FN:6,s
FN:6,u
FN:6,c
FN:6,l
FN:6,f
FN:6,d
FN:6,p
FN:6,h
FN:6,v
FN:6,m
FN:6,y
FN:6,g
FN:6,b
FN:6,_
FN:6,t
FN:6,w
FN:6,(anonymous_557)
FN:6,(anonymous_558)
FN:6,r
FN:6,i
FN:6,o
FN:6,a
FN:6,s
FN:6,u
FN:6,c
FN:6,(anonymous_566)
FN:6,f
FN:6,(anonymous_568)
FN:6,(anonymous_569)
FN:6,(anonymous_570)
FN:6,(anonymous_571)
FN:6,(anonymous_572)
FN:6,(anonymous_573)
FN:6,(anonymous_574)
FN:6,(anonymous_575)
FN:6,(anonymous_576)
FN:6,get
FN:6,(anonymous_578)
FN:6,(anonymous_579)
FN:6,themeClasses
FN:6,(anonymous_581)
FN:6,(anonymous_582)
FN:6,(anonymous_583)
FN:6,(anonymous_584)
FN:6,(anonymous_585)
FN:6,(anonymous_586)
FN:6,(anonymous_587)
FN:6,(anonymous_588)
FN:6,(anonymous_589)
FN:6,(anonymous_590)
FN:6,(anonymous_591)
FN:6,r
FN:6,(anonymous_593)
FN:6,(anonymous_594)
FN:6,(anonymous_595)
FN:6,(anonymous_596)
FN:6,(anonymous_597)
FN:6,(anonymous_598)
FN:6,(anonymous_599)
FN:6,(anonymous_600)
FN:6,(anonymous_601)
FN:6,(anonymous_602)
FN:6,(anonymous_603)
FN:6,(anonymous_604)
FN:6,(anonymous_605)
FN:6,(anonymous_606)
FN:6,r
FN:6,i
FN:6,data
FN:6,(anonymous_610)
FN:6,(anonymous_611)
FN:6,(anonymous_612)
FN:6,(anonymous_613)
FN:6,r
FN:6,i
FN:6,(anonymous_616)
FN:6,o
FN:6,a
FN:6,provide
FN:6,(anonymous_620)
FN:6,(anonymous_621)
FN:6,r
FN:6,i
FN:6,o
FN:6,a
FN:6,s
FN:6,u
FN:6,c
FN:6,l
FN:6,f
FN:6,show
FN:6,(anonymous_632)
FN:6,hide
FN:6,(anonymous_634)
FN:6,(anonymous_635)
FN:6,(anonymous_636)
FN:6,(anonymous_637)
FN:6,l
FN:6,(anonymous_639)
FN:6,(anonymous_640)
FN:6,(anonymous_641)
FN:6,(anonymous_642)
FN:6,(anonymous_643)
FN:6,(anonymous_644)
FN:6,(anonymous_645)
FN:6,(anonymous_646)
FN:6,(anonymous_647)
FN:6,(anonymous_648)
FN:6,(anonymous_649)
FN:6,(anonymous_650)
FN:6,(anonymous_651)
FN:6,(anonymous_652)
FN:6,(anonymous_653)
FN:6,(anonymous_654)
FN:6,(anonymous_655)
FN:6,n
FN:6,(anonymous_657)
FN:6,r
FN:6,(anonymous_659)
FN:6,(anonymous_660)
FN:6,(anonymous_661)
FN:6,(anonymous_662)
FN:6,(anonymous_663)
FN:6,r
FN:6,i
FN:6,o
FN:6,n
FN:6,(anonymous_668)
FN:6,a
FN:6,s
FN:6,v
FN:6,(anonymous_672)
FN:6,(anonymous_673)
FN:6,(anonymous_674)
FN:6,(anonymous_675)
FN:6,(anonymous_676)
FN:6,r
FN:6,applicationProperty
FN:6,app
FN:6,activated
FN:6,created
FN:6,mounted
FN:6,deactivated
FN:6,destroyed
FN:6,callUpdate
FN:6,removeApplication
FN:6,updateApplication
FN:6,(anonymous_688)
FN:6,(anonymous_689)
FN:6,data
FN:6,mounted
FN:6,(anonymous_692)
FN:6,(anonymous_693)
FN:6,r
FN:6,(anonymous_695)
FN:6,(anonymous_696)
FN:6,r
FN:6,render
FN:6,(anonymous_699)
FN:6,(anonymous_700)
FN:6,(anonymous_701)
FN:6,(anonymous_702)
FN:6,(anonymous_703)
FN:6,(anonymous_704)
FN:6,(anonymous_705)
FN:6,(anonymous_706)
FN:6,s
FN:6,u
FN:6,(anonymous_709)
FN:6,(anonymous_710)
FN:6,(anonymous_711)
FN:6,(anonymous_712)
FN:6,(anonymous_713)
FN:6,(anonymous_714)
FN:6,(anonymous_715)
FN:6,(anonymous_716)
FN:6,(anonymous_717)
FN:6,r
FN:6,(anonymous_719)
FN:6,(anonymous_720)
FN:6,(anonymous_721)
FN:6,(anonymous_722)
FN:6,r
FN:6,(anonymous_724)
FN:6,(anonymous_725)
FN:6,i
FN:6,(anonymous_727)
FN:6,o
FN:6,a
FN:6,s
FN:6,u
FN:6,c
FN:6,(anonymous_733)
FN:6,(anonymous_734)
FN:6,l
FN:6,f
FN:6,(anonymous_737)
FN:6,d
FN:6,p
FN:6,(anonymous_740)
FN:6,(anonymous_741)
FN:6,get
FN:6,(anonymous_743)
FN:6,(anonymous_744)
FN:6,h
FN:6,(anonymous_746)
FN:6,(anonymous_747)
FN:6,(anonymous_748)
FN:6,(anonymous_749)
FN:6,(anonymous_750)
FN:6,v
FN:6,(anonymous_752)
FN:6,(anonymous_753)
FN:6,(anonymous_754)
FN:6,(anonymous_755)
FN:6,get
FN:6,m
FN:6,(anonymous_758)
FN:6,get
FN:6,y
FN:6,(anonymous_761)
FN:6,g
FN:6,(anonymous_763)
FN:6,(anonymous_764)
FN:6,b
FN:6,(anonymous_766)
FN:6,_
FN:6,(anonymous_768)
FN:6,(anonymous_769)
FN:6,w
FN:6,(anonymous_771)
FN:6,x
FN:6,O
FN:6,k
FN:6,(anonymous_775)
FN:6,(anonymous_776)
FN:6,C
FN:6,(anonymous_778)
FN:6,S
FN:6,(anonymous_780)
FN:6,(anonymous_781)
FN:6,(anonymous_782)
FN:6,(anonymous_783)
FN:6,(anonymous_784)
FN:6,(anonymous_785)
FN:6,(anonymous_786)
FN:11,A
FN:11,e
FN:11,(anonymous_789)
FN:11,$
FN:11,(anonymous_791)
FN:11,(anonymous_792)
FN:11,(anonymous_793)
FN:11,(anonymous_794)
FN:11,(anonymous_795)
FN:11,(anonymous_796)
FN:11,(anonymous_797)
FN:11,(anonymous_798)
FN:11,(anonymous_799)
FN:11,M
FN:11,(anonymous_801)
FN:11,(anonymous_802)
FN:11,(anonymous_803)
FN:11,(anonymous_804)
FN:11,(anonymous_805)
FN:11,(anonymous_806)
FN:11,(anonymous_807)
FN:11,(anonymous_808)
FN:11,assert
FN:11,assert
FN:11,t
FN:11,(anonymous_812)
FN:11,(anonymous_813)
FN:11,(anonymous_814)
FN:11,(anonymous_815)
FN:11,(anonymous_816)
FN:11,(anonymous_817)
FN:11,(anonymous_818)
FN:11,(anonymous_819)
FN:11,(anonymous_820)
FN:11,(anonymous_821)
FN:11,(anonymous_822)
FN:11,(anonymous_823)
FN:11,(anonymous_824)
FN:11,(anonymous_825)
FN:11,(anonymous_826)
FN:11,(anonymous_827)
FN:11,(anonymous_828)
FN:11,(anonymous_829)
FN:11,(anonymous_830)
FN:11,(anonymous_831)
FN:11,(anonymous_832)
FN:11,(anonymous_833)
FN:11,(anonymous_834)
FN:11,(anonymous_835)
FN:11,(anonymous_836)
FN:11,(anonymous_837)
FN:11,(anonymous_838)
FN:11,(anonymous_839)
FN:11,(anonymous_840)
FN:11,(anonymous_841)
FN:11,(anonymous_842)
FN:11,(anonymous_843)
FN:11,(anonymous_844)
FN:11,(anonymous_845)
FN:11,(anonymous_846)
FN:11,z
FN:11,(anonymous_848)
FN:11,(anonymous_849)
FN:11,(anonymous_850)
FN:11,(anonymous_851)
FN:11,(anonymous_852)
FN:11,r
FN:11,(anonymous_854)
FN:11,(anonymous_855)
FN:11,(anonymous_856)
FN:11,validateStatus
FN:11,(anonymous_858)
FN:11,(anonymous_859)
FN:11,(anonymous_860)
FN:11,n
FN:11,r
FN:11,i
FN:11,o
FN:11,a
FN:11,s
FN:11,u
FN:11,c
FN:11,(anonymous_869)
FN:11,(anonymous_870)
FN:11,(anonymous_871)
FN:11,(anonymous_872)
FN:11,(anonymous_873)
FN:11,(anonymous_874)
FN:11,(anonymous_875)
FN:11,(anonymous_876)
FN:11,(anonymous_877)
FN:11,r
FN:11,i
FN:11,o
FN:11,a
FN:11,(anonymous_882)
FN:11,(anonymous_883)
FN:11,s
FN:11,(anonymous_885)
FN:11,u
FN:11,(anonymous_887)
FN:11,(anonymous_888)
FN:11,(anonymous_889)
FN:11,r
FN:11,(anonymous_891)
FN:11,i
FN:11,(anonymous_893)
FN:11,r
FN:11,i
FN:11,(anonymous_896)
FN:11,r
FN:11,(anonymous_898)
FN:11,(anonymous_899)
FN:11,(anonymous_900)
FN:11,(anonymous_901)
FN:11,(anonymous_902)
FN:11,(anonymous_903)
FN:11,(anonymous_904)
FN:11,(anonymous_905)
FN:11,r
FN:11,i
FN:11,(anonymous_908)
FN:11,click
FN:11,generateRouteLink
FN:11,(anonymous_911)
FN:11,(anonymous_912)
FN:11,(anonymous_913)
FN:11,(anonymous_914)
FN:11,r
FN:11,(anonymous_916)
FN:11,data
FN:11,classes
FN:11,counterValue
FN:11,directivesInput
FN:11,hasOutline
FN:11,get
FN:11,set
FN:11,isDirty
FN:11,isEnclosed
FN:11,isLabelActive
FN:11,isSingle
FN:11,isSolo
FN:11,labelPosition
FN:11,showLabel
FN:11,labelValue
FN:11,isFocused
FN:11,value
FN:11,(anonymous_934)
FN:11,mounted
FN:11,focus
FN:11,blur
FN:11,clearableCallback
FN:11,(anonymous_939)
FN:11,genAppendSlot
FN:11,genPrependInnerSlot
FN:11,genIconSlot
FN:11,genInputSlot
FN:11,genClearIcon
FN:11,genCounter
FN:11,genDefaultSlot
FN:11,genLabel
FN:11,genInput
FN:11,genMessages
FN:11,genTextFieldSlot
FN:11,genAffix
FN:11,onBlur
FN:11,onClick
FN:11,onFocus
FN:11,onInput
FN:11,onKeyDown
FN:11,onMouseDown
FN:11,onMouseUp
FN:11,(anonymous_959)
FN:11,(anonymous_960)
FN:11,get
FN:11,(anonymous_962)
FN:11,(anonymous_963)
FN:11,(anonymous_964)
FN:11,(anonymous_965)
FN:11,(anonymous_966)
FN:11,(anonymous_967)
FN:11,p
FN:11,(anonymous_969)
FN:11,w
FN:11,(anonymous_971)
FN:11,(anonymous_972)
FN:11,A
FN:11,(anonymous_974)
FN:11,(anonymous_975)
FN:11,(anonymous_976)
FN:11,(anonymous_977)
FN:11,(anonymous_978)
FN:11,(anonymous_979)
FN:11,(anonymous_980)
FN:11,(anonymous_981)
FN:11,(anonymous_982)
FN:11,(anonymous_983)
FN:11,(anonymous_984)
FN:11,(anonymous_985)
FN:11,(anonymous_986)
FN:11,a
FN:11,(anonymous_988)
FN:11,(anonymous_989)
FN:11,(anonymous_990)
FN:11,(anonymous_991)
FN:11,g
FN:11,b
FN:11,d
FN:11,(anonymous_995)
FN:11,p
FN:11,r
FN:11,r
FN:11,r
FN:11,(anonymous_1000)
FN:11,(anonymous_1001)
FN:11,(anonymous_1002)
FN:11,(anonymous_1003)
FN:11,(anonymous_1004)
FN:11,(anonymous_1005)
FN:11,(anonymous_1006)
FN:11,(anonymous_1007)
FN:11,(anonymous_1008)
FN:11,(anonymous_1009)
FN:11,(anonymous_1010)
FN:11,(anonymous_1011)
FN:11,(anonymous_1012)
FN:11,r
FN:11,(anonymous_1014)
FN:11,(anonymous_1015)
FN:11,(anonymous_1016)
FN:11,(anonymous_1017)
FN:11,(anonymous_1018)
FN:11,(anonymous_1019)
FN:11,(anonymous_1020)
FN:11,(anonymous_1021)
FN:11,(anonymous_1022)
FN:11,(anonymous_1023)
FN:11,(anonymous_1024)
FN:11,(anonymous_1025)
FN:11,(anonymous_1026)
FN:11,(anonymous_1027)
FN:11,(anonymous_1028)
FN:11,(anonymous_1029)
FN:11,(anonymous_1030)
FN:11,(anonymous_1031)
FN:11,(anonymous_1032)
FN:11,(anonymous_1033)
FN:11,(anonymous_1034)
FN:11,(anonymous_1035)
FN:11,(anonymous_1036)
FN:11,(anonymous_1037)
FN:11,(anonymous_1038)
FN:11,(anonymous_1039)
FN:11,r
FN:11,(anonymous_1041)
FN:11,(anonymous_1042)
FN:11,(anonymous_1043)
FN:11,r
FN:11,(anonymous_1045)
FN:11,(anonymous_1046)
FN:11,(anonymous_1047)
FN:11,(anonymous_1048)
FN:11,(anonymous_1049)
FN:11,(anonymous_1050)
FN:11,(anonymous_1051)
FN:11,(anonymous_1052)
FN:11,(anonymous_1053)
FN:11,(anonymous_1054)
FN:11,(anonymous_1055)
FN:11,(anonymous_1056)
FN:11,r
FN:11,i
FN:11,o
FN:11,a
FN:11,(anonymous_1061)
FN:11,s
FN:11,(anonymous_1063)
FN:11,(anonymous_1064)
FN:11,(anonymous_1065)
FN:11,(anonymous_1066)
FN:11,n
FN:11,s
FN:11,(anonymous_1069)
FN:11,(anonymous_1070)
FN:11,s
FN:11,(anonymous_1072)
FN:11,s
FN:11,(anonymous_1074)
FN:11,(anonymous_1075)
FN:11,s
FN:11,(anonymous_1077)
FN:11,r
FN:11,i
FN:11,o
FN:11,a
FN:11,(anonymous_1082)
FN:11,(anonymous_1083)
FN:11,s
FN:11,(anonymous_1085)
FN:11,u
FN:11,c
FN:11,(anonymous_1088)
FN:11,p
FN:11,h
FN:11,(anonymous_1091)
FN:11,v
FN:11,$invalid
FN:11,(anonymous_1094)
FN:11,(anonymous_1095)
FN:11,$dirty
FN:11,(anonymous_1097)
FN:11,$error
FN:11,$pending
FN:11,(anonymous_1100)
FN:11,(anonymous_1101)
FN:11,$params
FN:11,(anonymous_1103)
FN:11,(anonymous_1104)
FN:11,$touch
FN:11,$reset
FN:11,$flattenParams
FN:11,x
FN:11,beforeCreate
FN:11,beforeDestroy
FN:11,getModel
FN:11,getModelKey
FN:11,refs
FN:11,(anonymous_1114)
FN:11,data
FN:11,runRule
FN:11,run
FN:11,$params
FN:11,proxy
FN:11,$pending
FN:11,data
FN:11,refProxy
FN:11,getRef
FN:11,isNested
FN:11,nestedKeys
FN:11,ruleKeys
FN:11,(anonymous_1127)
FN:11,keys
FN:11,(anonymous_1129)
FN:11,proxy
FN:11,(anonymous_1131)
FN:11,get
FN:11,(anonymous_1133)
FN:11,get
FN:11,(anonymous_1135)
FN:11,get
FN:11,children
FN:11,(anonymous_1138)
FN:11,(anonymous_1139)
FN:11,isNested
FN:11,getRef
FN:11,keys
FN:11,tracker
FN:11,(anonymous_1144)
FN:11,(anonymous_1145)
FN:11,eagerParentModel
FN:11,(anonymous_1147)
FN:11,children
FN:11,(anonymous_1149)
FN:11,isNested
FN:11,getRef
FN:11,c
FN:11,(anonymous_1153)
FN:11,(anonymous_1154)
FN:11,(anonymous_1155)
FN:11,x
FN:11,k
FN:11,children
FN:11,data
FN:11,beforeCreate
FN:11,(anonymous_1161)
FN:11,beforeDestroy
FN:11,(anonymous_1163)
FN:11,r
FN:11,i
FN:11,o
FN:11,a
FN:11,s
FN:11,(anonymous_1169)
FN:11,u
FN:11,c
FN:11,l
FN:11,f
FN:11,d
FN:11,p
FN:11,h
FN:11,(anonymous_1177)
FN:11,(anonymous_1178)
FN:11,(anonymous_1179)
FN:11,(anonymous_1180)
FN:11,e
FN:11,(anonymous_1182)
FN:11,(anonymous_1183)
FN:11,(anonymous_1184)
FN:11,(anonymous_1185)
FN:11,(anonymous_1186)
FN:11,(anonymous_1187)
FN:11,r
FN:11,i
FN:11,o
FN:11,a
FN:11,(anonymous_1192)
FN:11,s
FN:11,u
FN:11,(anonymous_1195)
FN:11,c
FN:11,(anonymous_1197)
FN:11,l
FN:11,f
FN:11,d
FN:11,(anonymous_1201)
FN:11,(anonymous_1202)
FN:11,p
FN:11,h
FN:11,(anonymous_1205)
FN:11,v
FN:11,m
FN:11,y
FN:11,g
FN:11,b
FN:11,(anonymous_1211)
FN:11,(anonymous_1212)
FN:11,(anonymous_1213)
FN:11,_
FN:11,w
FN:11,(anonymous_1216)
FN:11,x
FN:11,O
FN:11,k
FN:11,C
FN:11,(anonymous_1221)
FN:11,(anonymous_1222)
FN:11,S
FN:11,A
FN:11,j
FN:11,$
FN:11,T
FN:11,M
FN:11,(anonymous_1229)
FN:11,(anonymous_1230)
FN:11,(anonymous_1231)
FN:11,R
FN:11,D
FN:11,(anonymous_1234)
FN:11,F
FN:11,(anonymous_1236)
FN:11,z
FN:11,H
FN:11,(anonymous_1239)
FN:11,U
FN:11,(anonymous_1241)
FN:11,(anonymous_1242)
FN:11,(anonymous_1243)
FN:11,(anonymous_1244)
FN:11,W
FN:11,G
FN:11,(anonymous_1247)
FN:11,(anonymous_1248)
FN:11,(anonymous_1249)
FN:11,K
FN:11,(anonymous_1251)
FN:11,(anonymous_1252)
FN:11,disable
FN:11,enable
FN:11,inserted
FN:11,(anonymous_1256)
FN:11,(anonymous_1257)
FN:11,(anonymous_1258)
FN:11,t
FN:11,(anonymous_1260)
FN:11,nt
FN:11,(anonymous_1262)
FN:11,(anonymous_1263)
FN:11,(anonymous_1264)
FN:11,(anonymous_1265)
FN:11,(anonymous_1266)
FN:11,(anonymous_1267)
FN:11,r
FN:11,i
FN:11,(anonymous_1270)
FN:11,(anonymous_1271)
FN:11,install
FN:11,(anonymous_1273)
FN:11,(anonymous_1274)
FN:11,(anonymous_1275)
FN:11,(anonymous_1276)
FN:11,r
FN:11,bind
FN:11,unbind
FN:11,update
FN:11,(anonymous_1281)
FN:11,(anonymous_1282)
FN:11,r
FN:11,i
FN:11,(anonymous_1285)
FN:11,data
FN:11,breakpoint
FN:11,created
FN:11,beforeDestroy
FN:11,onResize
FN:11,setDimensions
FN:11,(anonymous_1292)
FN:11,r
FN:11,(anonymous_1294)
FN:11,(anonymous_1295)
FN:11,r
FN:11,(anonymous_1297)
FN:11,r
FN:11,(anonymous_1299)
FN:11,r
FN:11,i
FN:11,o
FN:11,t
FN:11,(anonymous_1304)
FN:11,(anonymous_1305)
FN:11,(anonymous_1306)
FN:11,(anonymous_1307)
FN:11,r
FN:11,i
FN:11,o
FN:11,a
FN:11,s
FN:11,(anonymous_1313)
FN:11,i
FN:11,(anonymous_1315)
FN:11,(anonymous_1316)
FN:11,(anonymous_1317)
FN:11,(anonymous_1318)
FN:11,(anonymous_1319)
FN:11,(anonymous_1320)
FN:11,(anonymous_1321)
FN:11,(anonymous_1322)
FN:11,(anonymous_1323)
FN:11,(anonymous_1324)
FN:11,(anonymous_1325)
FN:11,(anonymous_1326)
FN:11,(anonymous_1327)
FN:11,(anonymous_1328)
FN:11,(anonymous_1329)
FN:11,(anonymous_1330)
FN:11,(anonymous_1331)
FN:11,(anonymous_1332)
FN:11,(anonymous_1333)
FN:11,r
FN:11,i
FN:11,classes
FN:11,dark
FN:11,mounted
FN:11,render
FN:11,(anonymous_1340)
FN:11,(anonymous_1341)
FN:11,(anonymous_1342)
FN:11,(anonymous_1343)
FN:11,data
FN:11,parsedTheme
FN:11,generatedStyles
FN:11,vueMeta
FN:11,metaInfo
FN:11,head
FN:11,generatedStyles
FN:11,created
FN:11,applyTheme
FN:11,genStyle
FN:11,(anonymous_1354)
FN:11,r
FN:11,i
FN:11,o
FN:11,a
FN:11,s
FN:11,(anonymous_1360)
FN:11,(anonymous_1361)
FN:11,(anonymous_1362)
FN:11,r
FN:11,i
FN:11,o
FN:11,s
FN:11,c
FN:11,(anonymous_1368)
FN:11,r
FN:11,i
FN:11,a
FN:11,s
FN:11,(anonymous_1373)
FN:11,(anonymous_1374)
FN:11,(anonymous_1375)
FN:11,(anonymous_1376)
FN:11,r
FN:11,validator
FN:11,data
FN:11,classes
FN:11,computedIcon
FN:11,render
FN:11,click
FN:11,(anonymous_1384)
FN:11,r
FN:11,i
FN:11,(anonymous_1387)
FN:11,o
FN:11,(anonymous_1389)
FN:11,(anonymous_1390)
FN:11,render
FN:11,(anonymous_1392)
FN:11,(anonymous_1393)
FN:11,(anonymous_1394)
FN:11,(anonymous_1395)
FN:11,(anonymous_1396)
FN:11,(anonymous_1397)
FN:11,(anonymous_1398)
FN:11,(anonymous_1399)
FN:11,(anonymous_1400)
FN:11,r
FN:11,data
FN:11,applicationProperty
FN:11,calculatedTransform
FN:11,calculatedWidth
FN:11,classes
FN:11,isMobile
FN:11,marginTop
FN:11,maxHeight
FN:11,reactsToClick
FN:11,reactsToMobile
FN:11,reactsToRoute
FN:11,resizeIsDisabled
FN:11,showOverlay
FN:11,styles
FN:11,$route
FN:11,isActive
FN:11,isMobile
FN:11,permanent
FN:11,showOverlay
FN:11,temporary
FN:11,value
FN:11,beforeMount
FN:11,calculateTouchArea
FN:11,closeConditional
FN:11,genDirectives
FN:11,value
FN:11,init
FN:11,swipeRight
FN:11,swipeLeft
FN:11,updateApplication
FN:11,render
FN:11,click
FN:11,transitionend
FN:11,(anonymous_1435)
FN:11,data
FN:11,hasOverlay
FN:11,beforeDestroy
FN:11,genOverlay
FN:11,(anonymous_1440)
FN:11,removeOverlay
FN:11,(anonymous_1442)
FN:11,scrollListener
FN:11,hasScrollbar
FN:11,shouldScroll
FN:11,isInside
FN:11,checkPath
FN:11,composedPath
FN:11,hideScroll
FN:11,showScroll
FN:11,(anonymous_1451)
FN:11,r
FN:11,i
FN:11,(anonymous_1454)
FN:11,(anonymous_1455)
FN:11,o
FN:11,a
FN:11,inserted
FN:11,n
FN:11,unbind
FN:11,(anonymous_1461)
FN:11,r
FN:11,i
FN:11,o
FN:11,a
FN:11,touchstart
FN:11,touchend
FN:11,touchmove
FN:11,s
FN:11,(anonymous_1470)
FN:11,u
FN:11,(anonymous_1472)
FN:11,l
FN:11,(anonymous_1474)
FN:11,(anonymous_1475)
FN:11,(anonymous_1476)
FN:11,(anonymous_1477)
FN:11,r
FN:11,data
FN:11,classes
FN:11,computedIcon
FN:11,indeterminate
FN:11,genCheckbox
FN:11,genDefaultSlot
FN:11,(anonymous_1485)
FN:11,r
FN:11,_default
FN:11,data
FN:11,classesSelectable
FN:11,isMultiple
FN:11,isActive
FN:11,(anonymous_1492)
FN:11,isDirty
FN:11,inputValue
FN:11,genLabel
FN:11,genInput
FN:11,onBlur
FN:11,onChange
FN:11,(anonymous_1499)
FN:11,onFocus
FN:11,onKeydown
FN:11,(anonymous_1502)
FN:11,r
FN:11,(anonymous_1504)
FN:11,data
FN:11,classesInput
FN:11,directivesInput
FN:11,hasHint
FN:11,hasLabel
FN:11,get
FN:11,set
FN:11,isDirty
FN:11,isDisabled
FN:11,isLabelActive
FN:11,value
FN:11,genContent
FN:11,genControl
FN:11,genDefaultSlot
FN:11,genIcon
FN:11,click
FN:11,mouseup
FN:11,genInputSlot
FN:11,genLabel
FN:11,genMessages
FN:11,genSlot
FN:11,genPrependSlot
FN:11,genAppendSlot
FN:11,onClick
FN:11,onMouseDown
FN:11,onMouseUp
FN:11,render
FN:11,(anonymous_1532)
FN:11,(anonymous_1533)
FN:11,render
FN:11,(anonymous_1535)
FN:11,(anonymous_1536)
FN:11,(anonymous_1537)
FN:11,(anonymous_1538)
FN:11,(anonymous_1539)
FN:11,_default
FN:11,classes
FN:11,genChildren
FN:11,(anonymous_1543)
FN:11,genMessage
FN:11,render
FN:11,(anonymous_1546)
FN:11,r
FN:11,genProgress
FN:11,(anonymous_1549)
FN:11,(anonymous_1550)
FN:11,(anonymous_1551)
FN:11,(anonymous_1552)
FN:11,r
FN:11,i
FN:11,styles
FN:11,effectiveWidth
FN:11,backgroundStyle
FN:11,genDeterminate
FN:11,genBar
FN:11,genIndeterminate
FN:11,render
FN:11,(anonymous_1562)
FN:11,(anonymous_1563)
FN:11,enter
FN:11,(anonymous_1565)
FN:11,afterEnter
FN:11,leave
FN:11,(anonymous_1568)
FN:11,afterLeave
FN:11,(anonymous_1570)
FN:11,(anonymous_1571)
FN:11,(anonymous_1572)
FN:11,(anonymous_1573)
FN:11,_default
FN:11,_default
FN:11,_default
FN:11,_default
FN:11,data
FN:11,hasError
FN:11,externalError
FN:11,hasSuccess
FN:11,hasMessages
FN:11,hasState
FN:11,internalErrorMessages
FN:11,shouldValidate
FN:11,validations
FN:11,validationState
FN:11,validationTarget
FN:11,handler
FN:11,internalValue
FN:11,isFocused
FN:11,isResetting
FN:11,(anonymous_1593)
FN:11,hasError
FN:11,beforeMount
FN:11,created
FN:11,beforeDestroy
FN:11,reset
FN:11,validate
FN:11,(anonymous_1600)
FN:11,(anonymous_1601)
FN:11,genRipple
FN:11,onChange
FN:11,(anonymous_1604)
FN:11,(anonymous_1605)
FN:11,(anonymous_1606)
FN:11,(anonymous_1607)
FN:11,(anonymous_1608)
FN:11,(anonymous_1609)
FN:11,r
FN:11,computedMarginBottom
FN:11,computedPaddingLeft
FN:11,computedPaddingRight
FN:11,styles
FN:11,updateApplication
FN:11,render
FN:11,(anonymous_1617)
FN:11,r
FN:11,(anonymous_1619)
FN:11,(anonymous_1620)
FN:11,(anonymous_1621)
FN:11,provide
FN:11,data
FN:11,classes
FN:11,register
FN:11,unregister
FN:11,(anonymous_1627)
FN:11,listClick
FN:11,render
FN:11,(anonymous_1630)
FN:11,r
FN:11,i
FN:11,data
FN:11,groupClasses
FN:11,headerClasses
FN:11,itemsClasses
FN:11,isActive
FN:11,$route
FN:11,mounted
FN:11,beforeDestroy
FN:11,click
FN:11,genIcon
FN:11,genAppendIcon
FN:11,genGroup
FN:11,genItems
FN:11,genPrependIcon
FN:11,toggle
FN:11,matchRoute
FN:11,render
FN:11,(anonymous_1650)
FN:11,(anonymous_1651)
FN:11,data
FN:11,hasContent
FN:11,isActive
FN:11,showLazyContent
FN:11,(anonymous_1656)
FN:11,r
FN:11,i
FN:11,(anonymous_1659)
FN:11,data
FN:11,listClasses
FN:11,classes
FN:11,isLink
FN:11,render
FN:11,(anonymous_1665)
FN:11,render
FN:11,(anonymous_1667)
FN:11,(anonymous_1668)
FN:11,render
FN:11,(anonymous_1670)
FN:11,(anonymous_1671)
FN:11,(anonymous_1672)
FN:11,(anonymous_1673)
FN:11,r
FN:11,(anonymous_1675)
FN:11,render
FN:11,(anonymous_1677)
FN:11,r
FN:11,i
FN:11,(anonymous_1680)
FN:11,(anonymous_1681)
FN:11,(anonymous_1682)
FN:11,classes
FN:11,mounted
FN:11,beforeDestroy
FN:11,click
FN:11,genContent
FN:11,genLoader
FN:11,render
FN:11,(anonymous_1690)
FN:11,(anonymous_1691)
FN:11,(anonymous_1692)
FN:11,(anonymous_1693)
FN:11,r
FN:11,calculatedSize
FN:11,circumference
FN:11,classes
FN:11,normalizedValue
FN:11,radius
FN:11,strokeDashArray
FN:11,strokeDashOffset
FN:11,strokeWidth
FN:11,styles
FN:11,svgStyles
FN:11,viewBoxSize
FN:11,genCircle
FN:11,genSvg
FN:11,render
FN:11,(anonymous_1709)
FN:11,r
FN:11,render
FN:11,(anonymous_1712)
FN:11,(anonymous_1713)
FN:11,(anonymous_1714)
FN:11,(anonymous_1715)
FN:11,(anonymous_1716)
FN:11,render
FN:11,(anonymous_1718)
FN:11,data
FN:11,masked
FN:11,mask
FN:11,(anonymous_1722)
FN:11,beforeMount
FN:11,setCaretPosition
FN:11,(anonymous_1725)
FN:11,updateRange
FN:11,maskText
FN:11,unmaskText
FN:11,setSelectionRange
FN:11,resetSelections
FN:11,(anonymous_1731)
FN:11,(anonymous_1732)
FN:11,test
FN:11,test
FN:11,convert
FN:11,test
FN:11,convert
FN:11,test
FN:11,convert
FN:11,test
FN:11,convert
FN:11,a
FN:11,s
FN:11,u
FN:11,(anonymous_1745)
FN:11,(anonymous_1746)
FN:11,(anonymous_1747)
FN:11,(anonymous_1748)
FN:11,(anonymous_1749)
FN:11,validator
FN:11,validator
FN:11,classes
FN:11,dynamicHeight
FN:11,isEnclosed
FN:11,noResizeHandle
FN:11,lazyValue
FN:11,mounted
FN:11,(anonymous_1758)
FN:11,calculateInputHeight
FN:11,genInput
FN:11,onInput
FN:11,onKeyDown
FN:11,(anonymous_1763)
FN:11,r
FN:11,(anonymous_1765)
FN:11,r
FN:11,(anonymous_1767)
FN:11,(anonymous_1768)
FN:11,(anonymous_1769)
FN:11,styles
FN:11,render
FN:11,(anonymous_1772)
FN:11,(anonymous_1773)
FN:11,(anonymous_1774)
FN:11,(anonymous_1775)
FN:11,(anonymous_1776)
FN:11,(anonymous_1777)
FN:11,(anonymous_1778)
FN:11,r
FN:11,(anonymous_1780)
FN:11,(anonymous_1781)
FN:11,r
FN:11,validator
FN:11,validator
FN:11,data
FN:11,computedContentHeight
FN:11,computedExtensionHeight
FN:11,computedHeight
FN:11,computedMarginTop
FN:11,classes
FN:11,computedPaddingLeft
FN:11,computedPaddingRight
FN:11,computedTransform
FN:11,currentThreshold
FN:11,styles
FN:11,currentThreshold
FN:11,isActive
FN:11,invertedScroll
FN:11,manualScroll
FN:11,isScrollingUp
FN:11,created
FN:11,mounted
FN:11,onScroll
FN:11,updateApplication
FN:11,render
FN:11,(anonymous_1806)
FN:11,r
FN:11,i
FN:11,(anonymous_1809)
FN:11,r
FN:11,render
FN:11,(anonymous_1812)
FN:16,r
FN:16,i
FN:16,o
FN:16,a
FN:16,s
FN:16,u
FN:16,c
FN:16,(anonymous_1820)
FN:16,l
FN:16,(anonymous_1822)
FN:16,(anonymous_1823)
FN:16,(anonymous_1824)
FN:16,f
FN:16,d
FN:16,p
FN:16,h
FN:16,v
FN:16,m
FN:16,(anonymous_1831)
FN:16,y
FN:16,g
FN:16,b
FN:16,_
FN:16,w
FN:16,e
FN:16,n
FN:16,beforeCreate
FN:16,destroyed
FN:16,get
FN:16,get
FN:16,x
FN:16,O
FN:16,k
FN:16,C
FN:16,S
FN:16,A
FN:16,(anonymous_1849)
FN:16,j
FN:16,(anonymous_1851)
FN:16,$
FN:16,(anonymous_1853)
FN:16,T
FN:16,M
FN:16,E
FN:16,P
FN:16,L
FN:16,I
FN:16,V
FN:16,B
FN:16,N
FN:16,R
FN:16,D
FN:16,(anonymous_1865)
FN:16,F
FN:16,(anonymous_1867)
FN:16,(anonymous_1868)
FN:16,(anonymous_1869)
FN:16,z
FN:16,(anonymous_1871)
FN:16,H
FN:16,U
FN:16,q
FN:16,W
FN:16,n
FN:16,o
FN:16,(anonymous_1878)
FN:16,(anonymous_1879)
FN:16,a
FN:16,s
FN:16,u
FN:16,G
FN:16,X
FN:16,Y
FN:16,(anonymous_1886)
FN:16,K
FN:16,(anonymous_1888)
FN:16,(anonymous_1889)
FN:16,(anonymous_1890)
FN:16,Z
FN:16,J
FN:16,Q
FN:16,tt
FN:16,et
FN:16,nt
FN:16,rt
FN:16,it
FN:16,ot
FN:16,at
FN:16,st
FN:16,ut
FN:16,ct
FN:16,lt
FN:16,r
FN:16,(anonymous_1906)
FN:16,ft
FN:16,(anonymous_1908)
FN:16,(anonymous_1909)
FN:16,(anonymous_1910)
FN:16,(anonymous_1911)
FN:16,dt
FN:16,(anonymous_1913)
FN:16,(anonymous_1914)
FN:16,pt
FN:16,ht
FN:16,vt
FN:16,(anonymous_1918)
FN:16,mt
FN:16,yt
FN:16,gt
FN:16,(anonymous_1922)
FN:16,(anonymous_1923)
FN:16,bt
FN:16,_t
FN:16,wt
FN:16,xt
FN:16,(anonymous_1928)
FN:16,Ot
FN:16,(anonymous_1930)
FN:16,kt
FN:16,(anonymous_1932)
FN:16,(anonymous_1933)
FN:16,(anonymous_1934)
FN:16,Ct
FN:16,(anonymous_1936)
FN:16,St
FN:16,At
FN:16,jt
FN:16,$t
FN:16,Tt
FN:16,Mt
FN:16,Et
FN:16,Pt
FN:16,(anonymous_1945)
FN:16,Lt
FN:16,render
FN:16,(anonymous_1948)
FN:16,(anonymous_1949)
FN:16,Nt
FN:16,Dt
FN:16,render
FN:16,w
FN:16,(anonymous_1954)
FN:16,(anonymous_1955)
FN:16,(anonymous_1956)
FN:16,se
FN:16,(anonymous_1958)
FN:16,(anonymous_1959)
FN:16,(anonymous_1960)
FN:16,(anonymous_1961)
FN:16,(anonymous_1962)
FN:16,(anonymous_1963)
FN:16,(anonymous_1964)
FN:16,(anonymous_1965)
FN:16,(anonymous_1966)
FN:16,s
FN:16,(anonymous_1968)
FN:16,(anonymous_1969)
FN:16,p
FN:16,(anonymous_1971)
FN:16,(anonymous_1972)
FN:16,(anonymous_1973)
FN:16,(anonymous_1974)
FN:16,(anonymous_1975)
FN:16,(anonymous_1976)
FN:16,(anonymous_1977)
FN:16,(anonymous_1978)
FN:16,(anonymous_1979)
FN:16,e
FN:16,(anonymous_1981)
FN:16,(anonymous_1982)
FN:16,(anonymous_1983)
FN:16,(anonymous_1984)
FN:16,(anonymous_1985)
FN:16,(anonymous_1986)
FN:16,(anonymous_1987)
FN:16,(anonymous_1988)
FN:16,(anonymous_1989)
FN:16,(anonymous_1990)
FN:16,e
FN:16,(anonymous_1992)
FN:16,(anonymous_1993)
FN:16,(anonymous_1994)
FN:16,(anonymous_1995)
FN:16,(anonymous_1996)
FN:16,(anonymous_1997)
FN:16,(anonymous_1998)
FN:16,(anonymous_1999)
FN:16,(anonymous_2000)
FN:16,(anonymous_2001)
FN:16,(anonymous_2002)
FN:16,e
FN:16,(anonymous_2004)
FN:16,(anonymous_2005)
FN:16,(anonymous_2006)
FN:16,(anonymous_2007)
FN:16,(anonymous_2008)
FN:16,(anonymous_2009)
FN:16,(anonymous_2010)
FN:16,(anonymous_2011)
FN:16,fe
FN:16,(anonymous_2013)
FN:16,(anonymous_2014)
FN:16,(anonymous_2015)
FN:16,i
FN:16,(anonymous_2017)
FN:16,(anonymous_2018)
FN:16,(anonymous_2019)
FN:16,(anonymous_2020)
FN:16,(anonymous_2021)
FN:16,(anonymous_2022)
FN:16,(anonymous_2023)
FN:16,(anonymous_2024)
FN:16,(anonymous_2025)
FN:16,(anonymous_2026)
FN:16,(anonymous_2027)
FN:16,(anonymous_2028)
FN:16,(anonymous_2029)
FN:16,(anonymous_2030)
FN:16,(anonymous_2031)
FN:16,(anonymous_2032)
FN:16,(anonymous_2033)
FN:16,(anonymous_2034)
FN:16,(anonymous_2035)
FN:16,(anonymous_2036)
FN:16,(anonymous_2037)
FN:16,(anonymous_2038)
FN:16,(anonymous_2039)
FN:16,f
FN:16,(anonymous_2041)
FN:16,(anonymous_2042)
FN:16,(anonymous_2043)
FN:16,(anonymous_2044)
FN:16,(anonymous_2045)
FN:16,(anonymous_2046)
FN:16,(anonymous_2047)
FN:16,n
FN:16,r
FN:16,i
FN:16,o
FN:16,a
FN:16,s
FN:16,(anonymous_2054)
FN:16,(anonymous_2055)
FN:16,u
FN:16,e
FN:16,(anonymous_2058)
FN:16,(anonymous_2059)
FN:16,(anonymous_2060)
FN:16,n
FN:16,r
FN:16,(anonymous_2063)
FN:16,c
FN:16,(anonymous_2065)
FN:16,l
FN:16,f
FN:16,d
FN:16,p
FN:16,h
FN:16,e
FN:16,v
FN:16,(anonymous_2073)
FN:16,(anonymous_2074)
FN:16,(anonymous_2075)
FN:16,(anonymous_2076)
FN:16,(anonymous_2077)
FN:16,(anonymous_2078)
FN:16,(anonymous_2079)
FN:16,(anonymous_2080)
FN:16,(anonymous_2081)
FN:16,(anonymous_2082)
FN:16,n
FN:16,reset
FN:16,stop
FN:16,dispatchException
FN:16,e
FN:16,abrupt
FN:16,complete
FN:16,finish
FN:16,_catch
FN:16,delegateYield
FN:16,(anonymous_2093)
FN:16,(anonymous_2094)
FN:16,(anonymous_2095)
FN:16,(anonymous_2096)
FN:16,(anonymous_2097)
FN:16,(anonymous_2098)
FN:16,r
FN:16,(anonymous_2100)
FN:16,(anonymous_2101)
FN:16,(anonymous_2102)
FN:16,(anonymous_2103)
FN:16,(anonymous_2104)
FN:16,(anonymous_2105)
FN:16,(anonymous_2106)
FN:16,(anonymous_2107)
FN:16,(anonymous_2108)
FN:16,(anonymous_2109)
FN:16,(anonymous_2110)
FN:16,(anonymous_2111)
FN:16,(anonymous_2112)
FN:16,(anonymous_2113)
FN:16,(anonymous_2114)
FN:16,(anonymous_2115)
FN:16,(anonymous_2116)
FN:16,(anonymous_2117)
FN:16,(anonymous_2118)
FN:16,(anonymous_2119)
FN:16,(anonymous_2120)
FN:16,(anonymous_2121)
FN:16,(anonymous_2122)
FN:16,(anonymous_2123)
FN:16,(anonymous_2124)
FN:16,$
FN:16,(anonymous_2126)
FN:16,(anonymous_2127)
FN:16,E
FN:16,P
FN:16,(anonymous_2130)
FN:16,(anonymous_2131)
FN:16,L
FN:16,(anonymous_2133)
FN:16,(anonymous_2134)
FN:16,I
FN:16,V
FN:16,(anonymous_2137)
FN:16,B
FN:16,N
FN:16,(anonymous_2140)
FN:16,A
FN:16,r
FN:16,then
FN:16,_catch
FN:16,o
FN:16,T
FN:16,reject
FN:16,resolve
FN:16,(anonymous_2149)
FN:16,all
FN:16,(anonymous_2151)
FN:16,(anonymous_2152)
FN:16,(anonymous_2153)
FN:16,race
FN:16,(anonymous_2155)
FN:16,(anonymous_2156)
FN:16,(anonymous_2157)
FN:16,(anonymous_2158)
FN:16,(anonymous_2159)
FN:16,(anonymous_2160)
FN:16,(anonymous_2161)
FN:16,(anonymous_2162)
FN:16,(anonymous_2163)
FN:16,(anonymous_2164)
FN:16,(anonymous_2165)
FN:16,(anonymous_2166)
FN:16,(anonymous_2167)
FN:16,(anonymous_2168)
FN:16,(anonymous_2169)
FN:16,(anonymous_2170)
FN:16,(anonymous_2171)
FN:16,c
FN:16,n
FN:16,n
FN:16,n
FN:16,n
FN:16,(anonymous_2177)
FN:16,(anonymous_2178)
FN:16,(anonymous_2179)
FN:16,(anonymous_2180)
FN:16,(anonymous_2181)
FN:16,(anonymous_2182)
FN:16,get
FN:16,(anonymous_2184)
FN:16,(anonymous_2185)
FN:16,(anonymous_2186)
FN:16,(anonymous_2187)
FN:16,(anonymous_2188)
FN:16,(anonymous_2189)
FN:16,(anonymous_2190)
FN:16,_finally
FN:16,(anonymous_2192)
FN:16,(anonymous_2193)
FN:16,(anonymous_2194)
FN:16,(anonymous_2195)
FN:16,(anonymous_2196)
FN:16,_try
FN:16,(anonymous_2198)
FN:16,(anonymous_2199)
FN:16,(anonymous_2200)
FN:16,(anonymous_2201)
FN:16,(anonymous_2202)
FN:16,(anonymous_2203)
FN:16,(anonymous_2204)
FN:16,(anonymous_2205)
FN:16,r
FN:16,(anonymous_2207)
FN:16,(anonymous_2208)
FN:16,(anonymous_2209)
FN:16,(anonymous_2210)
FN:16,(anonymous_2211)
FN:16,(anonymous_2212)
FN:16,(anonymous_2213)
FN:16,(anonymous_2214)
FN:16,(anonymous_2215)
FN:16,(anonymous_2216)
FN:16,i
FN:16,(anonymous_2218)
FN:16,(anonymous_2219)
FN:16,(anonymous_2220)
FN:16,i
FN:16,(anonymous_2222)
FN:16,(anonymous_2223)
FN:16,(anonymous_2224)
FN:16,(anonymous_2225)
FN:16,(anonymous_2226)
FN:16,(anonymous_2227)
FN:16,(anonymous_2228)
FN:16,(anonymous_2229)
FN:16,(anonymous_2230)
FN:16,(anonymous_2231)
FN:16,(anonymous_2232)
FN:16,(anonymous_2233)
FN:16,(anonymous_2234)
FN:16,(anonymous_2235)
FN:16,(anonymous_2236)
FN:16,(anonymous_2237)
FN:16,(anonymous_2238)
FN:16,(anonymous_2239)
FN:16,(anonymous_2240)
FN:16,(anonymous_2241)
FN:16,(anonymous_2242)
FN:16,(anonymous_2243)
FN:16,(anonymous_2244)
FN:16,(anonymous_2245)
FN:16,(anonymous_2246)
FN:16,(anonymous_2247)
FN:16,(anonymous_2248)
FN:16,(anonymous_2249)
FN:16,(anonymous_2250)
FN:16,(anonymous_2251)
FN:16,(anonymous_2252)
FN:16,(anonymous_2253)
FN:16,(anonymous_2254)
FN:16,(anonymous_2255)
FN:16,(anonymous_2256)
FN:16,(anonymous_2257)
FN:16,(anonymous_2258)
FN:16,(anonymous_2259)
FN:16,(anonymous_2260)
FN:16,(anonymous_2261)
FN:16,(anonymous_2262)
FN:16,(anonymous_2263)
FN:16,t
FN:16,(anonymous_2265)
FN:16,(anonymous_2266)
FN:16,(anonymous_2267)
FN:16,(anonymous_2268)
FN:16,(anonymous_2269)
FN:16,(anonymous_2270)
FN:16,(anonymous_2271)
FN:16,(anonymous_2272)
FN:16,(anonymous_2273)
FN:16,(anonymous_2274)
FN:16,(anonymous_2275)
FN:16,(anonymous_2276)
FN:16,(anonymous_2277)
FN:16,(anonymous_2278)
FN:16,get
FN:16,(anonymous_2280)
FN:16,q
FN:16,(anonymous_2282)
FN:16,(anonymous_2283)
FN:16,G
FN:16,X
FN:16,Y
FN:16,K
FN:16,Z
FN:16,J
FN:16,Q
FN:16,M
FN:16,e
FN:16,(anonymous_2293)
FN:16,(anonymous_2294)
FN:16,_for
FN:16,keyFor
FN:16,useSetter
FN:16,useSimple
FN:16,(anonymous_2299)
FN:16,stringify
FN:16,e
FN:16,(anonymous_2302)
FN:16,(anonymous_2303)
FN:16,(anonymous_2304)
FN:16,l
FN:16,f
FN:16,d
FN:16,p
FN:16,(anonymous_2309)
FN:16,(anonymous_2310)
FN:16,(anonymous_2311)
FN:16,(anonymous_2312)
FN:16,(anonymous_2313)
FN:16,s
FN:16,(anonymous_2315)
FN:16,(anonymous_2316)
FN:16,(anonymous_2317)
FN:16,(anonymous_2318)
FN:16,r
FN:16,(anonymous_2320)
FN:16,(anonymous_2321)
FN:16,(anonymous_2322)
FN:16,(anonymous_2323)
FN:16,(anonymous_2324)
FN:16,o
FN:16,(anonymous_2326)
FN:16,(anonymous_2327)
FN:16,(anonymous_2328)
FN:16,(anonymous_2329)
FN:16,(anonymous_2330)
FN:16,(anonymous_2331)
FN:16,(anonymous_2332)
FN:16,(anonymous_2333)
FN:16,r
FN:16,(anonymous_2335)
FN:16,(anonymous_2336)
FN:16,(anonymous_2337)
FN:16,n
FN:16,r
FN:22,(anonymous_2340)
FN:22,(anonymous_2341)
FN:22,r
FN:22,(anonymous_2343)
FN:22,(anonymous_2344)
FN:22,(anonymous_2345)
FN:22,(anonymous_2346)
FN:22,(anonymous_2347)
FN:22,(anonymous_2348)
FN:22,(anonymous_2349)
FN:22,(anonymous_2350)
FN:22,(anonymous_2351)
FN:22,(anonymous_2352)
FN:22,(anonymous_2353)
FN:22,(anonymous_2354)
FN:22,(anonymous_2355)
FN:22,(anonymous_2356)
FN:22,(anonymous_2357)
FN:22,r
FN:22,(anonymous_2359)
FN:22,(anonymous_2360)
FN:22,(anonymous_2361)
FN:22,(anonymous_2362)
FN:22,(anonymous_2363)
FN:22,(anonymous_2364)
FN:22,(anonymous_2365)
FN:22,(anonymous_2366)
FN:22,t
FN:22,(anonymous_2368)
FN:22,(anonymous_2369)
FN:22,(anonymous_2370)
FN:22,(anonymous_2371)
FN:22,r
FN:22,i
FN:22,(anonymous_2374)
FN:22,(anonymous_2375)
FN:22,write
FN:22,read
FN:22,remove
FN:22,(anonymous_2379)
FN:22,write
FN:22,read
FN:22,remove
FN:22,(anonymous_2383)
FN:22,r
FN:22,(anonymous_2385)
FN:22,(anonymous_2386)
FN:22,(anonymous_2387)
FN:22,(anonymous_2388)
FN:22,(anonymous_2389)
FN:22,r
FN:22,(anonymous_2391)
FN:22,(anonymous_2392)
FN:22,(anonymous_2393)
FN:22,(anonymous_2394)
FN:22,(anonymous_2395)
FN:22,(anonymous_2396)
FN:22,(anonymous_2397)
FN:22,(anonymous_2398)
FN:22,(anonymous_2399)
FN:22,(anonymous_2400)
FN:22,(anonymous_2401)
FN:22,(anonymous_2402)
FN:22,r
FN:22,(anonymous_2404)
FN:22,(anonymous_2405)
FN:22,(anonymous_2406)
FN:22,(anonymous_2407)
FN:22,(anonymous_2408)
FN:22,(anonymous_2409)
FN:22,(anonymous_2410)
FN:22,(anonymous_2411)
FN:22,(anonymous_2412)
FN:22,(anonymous_2413)
FNF:2414
FNH:0
FNDA:0,_interopRequireDefault
FNDA:0,(anonymous_1)
FNDA:0,r
FNDA:0,render
FNDA:0,i
FNDA:0,render
FNDA:0,(anonymous_6)
FNDA:0,o
FNDA:0,render
FNDA:0,a
FNDA:0,s
FNDA:0,r
FNDA:0,u
FNDA:0,c
FNDA:0,(anonymous_14)
FNDA:0,l
FNDA:0,f
FNDA:0,d
FNDA:0,(anonymous_18)
FNDA:0,p
FNDA:0,h
FNDA:0,(anonymous_21)
FNDA:0,v
FNDA:0,m
FNDA:0,(anonymous_24)
FNDA:0,y
FNDA:0,g
FNDA:0,b
FNDA:0,_
FNDA:0,(anonymous_29)
FNDA:0,(anonymous_30)
FNDA:0,(anonymous_31)
FNDA:0,(anonymous_32)
FNDA:0,(anonymous_33)
FNDA:0,(anonymous_34)
FNDA:0,(anonymous_35)
FNDA:0,(anonymous_36)
FNDA:0,(anonymous_37)
FNDA:0,(anonymous_38)
FNDA:0,(anonymous_39)
FNDA:0,(anonymous_40)
FNDA:0,r
FNDA:0,i
FNDA:0,o
FNDA:0,a
FNDA:0,s
FNDA:0,u
FNDA:0,c
FNDA:0,l
FNDA:0,f
FNDA:0,d
FNDA:0,p
FNDA:0,h
FNDA:0,v
FNDA:0,(anonymous_54)
FNDA:0,(anonymous_55)
FNDA:0,m
FNDA:0,y
FNDA:0,g
FNDA:0,(anonymous_59)
FNDA:0,b
FNDA:0,n
FNDA:0,_
FNDA:0,w
FNDA:0,x
FNDA:0,O
FNDA:0,k
FNDA:0,C
FNDA:0,(anonymous_68)
FNDA:0,(anonymous_69)
FNDA:0,S
FNDA:0,A
FNDA:0,(anonymous_72)
FNDA:0,j
FNDA:0,$
FNDA:0,T
FNDA:0,(anonymous_76)
FNDA:0,M
FNDA:0,E
FNDA:0,P
FNDA:0,L
FNDA:0,I
FNDA:0,V
FNDA:0,B
FNDA:0,N
FNDA:0,R
FNDA:0,D
FNDA:0,get
FNDA:0,set
FNDA:0,F
FNDA:0,z
FNDA:0,H
FNDA:0,U
FNDA:0,q
FNDA:0,(anonymous_94)
FNDA:0,(anonymous_95)
FNDA:0,W
FNDA:0,G
FNDA:0,X
FNDA:0,Y
FNDA:0,K
FNDA:0,Z
FNDA:0,J
FNDA:0,Q
FNDA:0,tt
FNDA:0,r
FNDA:0,et
FNDA:0,nt
FNDA:0,rt
FNDA:0,it
FNDA:0,ot
FNDA:0,at
FNDA:0,st
FNDA:0,ut
FNDA:0,ct
FNDA:0,lt
FNDA:0,ft
FNDA:0,dt
FNDA:0,pt
FNDA:0,(anonymous_119)
FNDA:0,ht
FNDA:0,(anonymous_121)
FNDA:0,(anonymous_122)
FNDA:0,vt
FNDA:0,mt
FNDA:0,yt
FNDA:0,e
FNDA:0,gt
FNDA:0,bt
FNDA:0,a
FNDA:0,_t
FNDA:0,wt
FNDA:0,xt
FNDA:0,Ot
FNDA:0,kt
FNDA:0,Ct
FNDA:0,St
FNDA:0,At
FNDA:0,jt
FNDA:0,c
FNDA:0,(anonymous_140)
FNDA:0,(anonymous_141)
FNDA:0,(anonymous_142)
FNDA:0,(anonymous_143)
FNDA:0,$t
FNDA:0,Tt
FNDA:0,Mt
FNDA:0,Et
FNDA:0,Pt
FNDA:0,Lt
FNDA:0,It
FNDA:0,Vt
FNDA:0,Bt
FNDA:0,Nt
FNDA:0,Rt
FNDA:0,(anonymous_155)
FNDA:0,(anonymous_156)
FNDA:0,Dt
FNDA:0,Ft
FNDA:0,zt
FNDA:0,Ht
FNDA:0,Ut
FNDA:0,qt
FNDA:0,Wt
FNDA:0,(anonymous_164)
FNDA:0,Gt
FNDA:0,Xt
FNDA:0,Yt
FNDA:0,Kt
FNDA:0,Zt
FNDA:0,(anonymous_170)
FNDA:0,(anonymous_171)
FNDA:0,Jt
FNDA:0,Qt
FNDA:0,(anonymous_174)
FNDA:0,(anonymous_175)
FNDA:0,te
FNDA:0,ee
FNDA:0,ne
FNDA:0,re
FNDA:0,(anonymous_180)
FNDA:0,ie
FNDA:0,(anonymous_182)
FNDA:0,oe
FNDA:0,ae
FNDA:0,se
FNDA:0,ue
FNDA:0,ce
FNDA:0,(anonymous_188)
FNDA:0,(anonymous_189)
FNDA:0,le
FNDA:0,fe
FNDA:0,de
FNDA:0,pe
FNDA:0,he
FNDA:0,ve
FNDA:0,me
FNDA:0,(anonymous_197)
FNDA:0,(anonymous_198)
FNDA:0,ye
FNDA:0,ge
FNDA:0,be
FNDA:0,_e
FNDA:0,we
FNDA:0,xe
FNDA:0,Oe
FNDA:0,(anonymous_206)
FNDA:0,(anonymous_207)
FNDA:0,(anonymous_208)
FNDA:0,ke
FNDA:0,Ce
FNDA:0,Se
FNDA:0,Ae
FNDA:0,je
FNDA:0,$e
FNDA:0,Te
FNDA:0,Me
FNDA:0,Ee
FNDA:0,Pe
FNDA:0,Le
FNDA:0,Ie
FNDA:0,(anonymous_221)
FNDA:0,(anonymous_222)
FNDA:0,(anonymous_223)
FNDA:0,(anonymous_224)
FNDA:0,Ve
FNDA:0,Be
FNDA:0,Ne
FNDA:0,Re
FNDA:0,De
FNDA:0,Fe
FNDA:0,(anonymous_231)
FNDA:0,ze
FNDA:0,(anonymous_233)
FNDA:0,He
FNDA:0,(anonymous_235)
FNDA:0,a
FNDA:0,(anonymous_237)
FNDA:0,Ue
FNDA:0,qe
FNDA:0,We
FNDA:0,(anonymous_241)
FNDA:0,(anonymous_242)
FNDA:0,Ge
FNDA:0,Xe
FNDA:0,Ye
FNDA:0,Ke
FNDA:0,Ze
FNDA:0,Je
FNDA:0,Qe
FNDA:0,tn
FNDA:0,en
FNDA:0,nn
FNDA:0,rn
FNDA:0,on
FNDA:0,an
FNDA:0,sn
FNDA:0,un
FNDA:0,cn
FNDA:0,ln
FNDA:0,fn
FNDA:0,dn
FNDA:0,pn
FNDA:0,hn
FNDA:0,vn
FNDA:0,mn
FNDA:0,yn
FNDA:0,gn
FNDA:0,bn
FNDA:0,_n
FNDA:0,wn
FNDA:0,xn
FNDA:0,On
FNDA:0,kn
FNDA:0,Cn
FNDA:0,f
FNDA:0,(anonymous_276)
FNDA:0,Sn
FNDA:0,An
FNDA:0,jn
FNDA:0,$n
FNDA:0,Tn
FNDA:0,Mn
FNDA:0,r
FNDA:0,En
FNDA:0,Pn
FNDA:0,Ln
FNDA:0,i
FNDA:0,In
FNDA:0,Vn
FNDA:0,Bn
FNDA:0,Nn
FNDA:0,Rn
FNDA:0,Dn
FNDA:0,Fn
FNDA:0,zn
FNDA:0,Hn
FNDA:0,Un
FNDA:0,qn
FNDA:0,Wn
FNDA:0,(anonymous_300)
FNDA:0,Gn
FNDA:0,(anonymous_302)
FNDA:0,Xn
FNDA:0,Yn
FNDA:0,(anonymous_305)
FNDA:0,Kn
FNDA:0,Zn
FNDA:0,Jn
FNDA:0,c
FNDA:0,l
FNDA:0,(anonymous_311)
FNDA:0,Qn
FNDA:0,tr
FNDA:0,(anonymous_314)
FNDA:0,er
FNDA:0,nr
FNDA:0,(anonymous_317)
FNDA:0,(anonymous_318)
FNDA:0,(anonymous_319)
FNDA:0,rr
FNDA:0,n
FNDA:0,(anonymous_322)
FNDA:0,(anonymous_323)
FNDA:0,ir
FNDA:0,or
FNDA:0,ar
FNDA:0,sr
FNDA:0,ur
FNDA:0,(anonymous_329)
FNDA:0,cr
FNDA:0,lr
FNDA:0,(anonymous_332)
FNDA:0,fr
FNDA:0,dr
FNDA:0,pr
FNDA:0,hr
FNDA:0,vr
FNDA:0,mr
FNDA:0,yr
FNDA:0,gr
FNDA:0,br
FNDA:0,_r
FNDA:0,wr
FNDA:0,xr
FNDA:0,Or
FNDA:0,(anonymous_346)
FNDA:0,(anonymous_347)
FNDA:0,(anonymous_348)
FNDA:0,(anonymous_349)
FNDA:0,Ir
FNDA:0,Vr
FNDA:0,get
FNDA:0,ri
FNDA:0,(anonymous_354)
FNDA:0,t
FNDA:0,(anonymous_356)
FNDA:0,(anonymous_357)
FNDA:0,(anonymous_358)
FNDA:0,di
FNDA:0,(anonymous_360)
FNDA:0,ai
FNDA:0,si
FNDA:0,ci
FNDA:0,pi
FNDA:0,ui
FNDA:0,(anonymous_366)
FNDA:0,vi
FNDA:0,(anonymous_368)
FNDA:0,(anonymous_369)
FNDA:0,(anonymous_370)
FNDA:0,(anonymous_371)
FNDA:0,yi
FNDA:0,(anonymous_373)
FNDA:0,bi
FNDA:0,(anonymous_375)
FNDA:0,(anonymous_376)
FNDA:0,ki
FNDA:0,(anonymous_378)
FNDA:0,(anonymous_379)
FNDA:0,(anonymous_380)
FNDA:0,(anonymous_381)
FNDA:0,(anonymous_382)
FNDA:0,(anonymous_383)
FNDA:0,(anonymous_384)
FNDA:0,(anonymous_385)
FNDA:0,ji
FNDA:0,Ai
FNDA:0,Ai
FNDA:0,Ai
FNDA:0,Si
FNDA:0,Ni
FNDA:0,set
FNDA:0,has
FNDA:0,get
FNDA:0,Vi
FNDA:0,Hi
FNDA:0,Ui
FNDA:0,(anonymous_398)
FNDA:0,ao
FNDA:0,(anonymous_400)
FNDA:0,(anonymous_401)
FNDA:0,(anonymous_402)
FNDA:0,(anonymous_403)
FNDA:0,(anonymous_404)
FNDA:0,(anonymous_405)
FNDA:0,(anonymous_406)
FNDA:0,(anonymous_407)
FNDA:0,(anonymous_408)
FNDA:0,init
FNDA:0,prepatch
FNDA:0,insert
FNDA:0,destroy
FNDA:0,(anonymous_413)
FNDA:0,(anonymous_414)
FNDA:0,(anonymous_415)
FNDA:0,(anonymous_416)
FNDA:0,(anonymous_417)
FNDA:0,(anonymous_418)
FNDA:0,(anonymous_419)
FNDA:0,(anonymous_420)
FNDA:0,(anonymous_421)
FNDA:0,(anonymous_422)
FNDA:0,(anonymous_423)
FNDA:0,(anonymous_424)
FNDA:0,n
FNDA:0,(anonymous_426)
FNDA:0,(anonymous_427)
FNDA:0,(anonymous_428)
FNDA:0,(anonymous_429)
FNDA:0,(anonymous_430)
FNDA:0,(anonymous_431)
FNDA:0,(anonymous_432)
FNDA:0,(anonymous_433)
FNDA:0,(anonymous_434)
FNDA:0,created
FNDA:0,destroyed
FNDA:0,mounted
FNDA:0,(anonymous_438)
FNDA:0,(anonymous_439)
FNDA:0,(anonymous_440)
FNDA:0,(anonymous_441)
FNDA:0,render
FNDA:0,(anonymous_443)
FNDA:0,(anonymous_444)
FNDA:0,(anonymous_445)
FNDA:0,(anonymous_446)
FNDA:0,get
FNDA:0,xo
FNDA:0,So
FNDA:0,Ao
FNDA:0,jo
FNDA:0,Eo
FNDA:0,create
FNDA:0,update
FNDA:0,destroy
FNDA:0,destroy
FNDA:0,(anonymous_457)
FNDA:0,(anonymous_458)
FNDA:0,Zo
FNDA:0,(anonymous_460)
FNDA:0,(anonymous_461)
FNDA:0,(anonymous_462)
FNDA:0,remove
FNDA:0,(anonymous_464)
FNDA:0,e
FNDA:0,n
FNDA:0,n
FNDA:0,a
FNDA:0,u
FNDA:0,(anonymous_470)
FNDA:0,c
FNDA:0,l
FNDA:0,d
FNDA:0,p
FNDA:0,h
FNDA:0,m
FNDA:0,y
FNDA:0,g
FNDA:0,b
FNDA:0,_
FNDA:0,w
FNDA:0,x
FNDA:0,O
FNDA:0,k
FNDA:0,C
FNDA:0,S
FNDA:0,A
FNDA:0,j
FNDA:0,$
FNDA:0,T
FNDA:0,(anonymous_491)
FNDA:0,(anonymous_492)
FNDA:0,inserted
FNDA:0,(anonymous_494)
FNDA:0,componentUpdated
FNDA:0,(anonymous_496)
FNDA:0,(anonymous_497)
FNDA:0,bind
FNDA:0,(anonymous_499)
FNDA:0,update
FNDA:0,(anonymous_501)
FNDA:0,(anonymous_502)
FNDA:0,unbind
FNDA:0,render
FNDA:0,(anonymous_505)
FNDA:0,(anonymous_506)
FNDA:0,(anonymous_507)
FNDA:0,p
FNDA:0,(anonymous_509)
FNDA:0,render
FNDA:0,beforeUpdate
FNDA:0,updated
FNDA:0,(anonymous_513)
FNDA:0,t
FNDA:0,hasMove
FNDA:0,(anonymous_516)
FNDA:0,(anonymous_517)
FNDA:0,(anonymous_518)
FNDA:0,(anonymous_519)
FNDA:0,(anonymous_520)
FNDA:0,(anonymous_521)
FNDA:0,(anonymous_522)
FNDA:0,t
FNDA:0,(anonymous_524)
FNDA:0,(anonymous_525)
FNDA:0,data
FNDA:0,computedColor
FNDA:0,addBackgroundColorClassChecks
FNDA:0,addTextColorClassChecks
FNDA:0,(anonymous_530)
FNDA:0,(anonymous_531)
FNDA:0,(anonymous_532)
FNDA:0,u
FNDA:0,(anonymous_534)
FNDA:0,e
FNDA:0,(anonymous_536)
FNDA:0,r
FNDA:0,i
FNDA:0,o
FNDA:0,a
FNDA:0,s
FNDA:0,u
FNDA:0,c
FNDA:0,l
FNDA:0,f
FNDA:0,d
FNDA:0,p
FNDA:0,h
FNDA:0,v
FNDA:0,m
FNDA:0,y
FNDA:0,g
FNDA:0,b
FNDA:0,_
FNDA:0,t
FNDA:0,w
FNDA:0,(anonymous_557)
FNDA:0,(anonymous_558)
FNDA:0,r
FNDA:0,i
FNDA:0,o
FNDA:0,a
FNDA:0,s
FNDA:0,u
FNDA:0,c
FNDA:0,(anonymous_566)
FNDA:0,f
FNDA:0,(anonymous_568)
FNDA:0,(anonymous_569)
FNDA:0,(anonymous_570)
FNDA:0,(anonymous_571)
FNDA:0,(anonymous_572)
FNDA:0,(anonymous_573)
FNDA:0,(anonymous_574)
FNDA:0,(anonymous_575)
FNDA:0,(anonymous_576)
FNDA:0,get
FNDA:0,(anonymous_578)
FNDA:0,(anonymous_579)
FNDA:0,themeClasses
FNDA:0,(anonymous_581)
FNDA:0,(anonymous_582)
FNDA:0,(anonymous_583)
FNDA:0,(anonymous_584)
FNDA:0,(anonymous_585)
FNDA:0,(anonymous_586)
FNDA:0,(anonymous_587)
FNDA:0,(anonymous_588)
FNDA:0,(anonymous_589)
FNDA:0,(anonymous_590)
FNDA:0,(anonymous_591)
FNDA:0,r
FNDA:0,(anonymous_593)
FNDA:0,(anonymous_594)
FNDA:0,(anonymous_595)
FNDA:0,(anonymous_596)
FNDA:0,(anonymous_597)
FNDA:0,(anonymous_598)
FNDA:0,(anonymous_599)
FNDA:0,(anonymous_600)
FNDA:0,(anonymous_601)
FNDA:0,(anonymous_602)
FNDA:0,(anonymous_603)
FNDA:0,(anonymous_604)
FNDA:0,(anonymous_605)
FNDA:0,(anonymous_606)
FNDA:0,r
FNDA:0,i
FNDA:0,data
FNDA:0,(anonymous_610)
FNDA:0,(anonymous_611)
FNDA:0,(anonymous_612)
FNDA:0,(anonymous_613)
FNDA:0,r
FNDA:0,i
FNDA:0,(anonymous_616)
FNDA:0,o
FNDA:0,a
FNDA:0,provide
FNDA:0,(anonymous_620)
FNDA:0,(anonymous_621)
FNDA:0,r
FNDA:0,i
FNDA:0,o
FNDA:0,a
FNDA:0,s
FNDA:0,u
FNDA:0,c
FNDA:0,l
FNDA:0,f
FNDA:0,show
FNDA:0,(anonymous_632)
FNDA:0,hide
FNDA:0,(anonymous_634)
FNDA:0,(anonymous_635)
FNDA:0,(anonymous_636)
FNDA:0,(anonymous_637)
FNDA:0,l
FNDA:0,(anonymous_639)
FNDA:0,(anonymous_640)
FNDA:0,(anonymous_641)
FNDA:0,(anonymous_642)
FNDA:0,(anonymous_643)
FNDA:0,(anonymous_644)
FNDA:0,(anonymous_645)
FNDA:0,(anonymous_646)
FNDA:0,(anonymous_647)
FNDA:0,(anonymous_648)
FNDA:0,(anonymous_649)
FNDA:0,(anonymous_650)
FNDA:0,(anonymous_651)
FNDA:0,(anonymous_652)
FNDA:0,(anonymous_653)
FNDA:0,(anonymous_654)
FNDA:0,(anonymous_655)
FNDA:0,n
FNDA:0,(anonymous_657)
FNDA:0,r
FNDA:0,(anonymous_659)
FNDA:0,(anonymous_660)
FNDA:0,(anonymous_661)
FNDA:0,(anonymous_662)
FNDA:0,(anonymous_663)
FNDA:0,r
FNDA:0,i
FNDA:0,o
FNDA:0,n
FNDA:0,(anonymous_668)
FNDA:0,a
FNDA:0,s
FNDA:0,v
FNDA:0,(anonymous_672)
FNDA:0,(anonymous_673)
FNDA:0,(anonymous_674)
FNDA:0,(anonymous_675)
FNDA:0,(anonymous_676)
FNDA:0,r
FNDA:0,applicationProperty
FNDA:0,app
FNDA:0,activated
FNDA:0,created
FNDA:0,mounted
FNDA:0,deactivated
FNDA:0,destroyed
FNDA:0,callUpdate
FNDA:0,removeApplication
FNDA:0,updateApplication
FNDA:0,(anonymous_688)
FNDA:0,(anonymous_689)
FNDA:0,data
FNDA:0,mounted
FNDA:0,(anonymous_692)
FNDA:0,(anonymous_693)
FNDA:0,r
FNDA:0,(anonymous_695)
FNDA:0,(anonymous_696)
FNDA:0,r
FNDA:0,render
FNDA:0,(anonymous_699)
FNDA:0,(anonymous_700)
FNDA:0,(anonymous_701)
FNDA:0,(anonymous_702)
FNDA:0,(anonymous_703)
FNDA:0,(anonymous_704)
FNDA:0,(anonymous_705)
FNDA:0,(anonymous_706)
FNDA:0,s
FNDA:0,u
FNDA:0,(anonymous_709)
FNDA:0,(anonymous_710)
FNDA:0,(anonymous_711)
FNDA:0,(anonymous_712)
FNDA:0,(anonymous_713)
FNDA:0,(anonymous_714)
FNDA:0,(anonymous_715)
FNDA:0,(anonymous_716)
FNDA:0,(anonymous_717)
FNDA:0,r
FNDA:0,(anonymous_719)
FNDA:0,(anonymous_720)
FNDA:0,(anonymous_721)
FNDA:0,(anonymous_722)
FNDA:0,r
FNDA:0,(anonymous_724)
FNDA:0,(anonymous_725)
FNDA:0,i
FNDA:0,(anonymous_727)
FNDA:0,o
FNDA:0,a
FNDA:0,s
FNDA:0,u
FNDA:0,c
FNDA:0,(anonymous_733)
FNDA:0,(anonymous_734)
FNDA:0,l
FNDA:0,f
FNDA:0,(anonymous_737)
FNDA:0,d
FNDA:0,p
FNDA:0,(anonymous_740)
FNDA:0,(anonymous_741)
FNDA:0,get
FNDA:0,(anonymous_743)
FNDA:0,(anonymous_744)
FNDA:0,h
FNDA:0,(anonymous_746)
FNDA:0,(anonymous_747)
FNDA:0,(anonymous_748)
FNDA:0,(anonymous_749)
FNDA:0,(anonymous_750)
FNDA:0,v
FNDA:0,(anonymous_752)
FNDA:0,(anonymous_753)
FNDA:0,(anonymous_754)
FNDA:0,(anonymous_755)
FNDA:0,get
FNDA:0,m
FNDA:0,(anonymous_758)
FNDA:0,get
FNDA:0,y
FNDA:0,(anonymous_761)
FNDA:0,g
FNDA:0,(anonymous_763)
FNDA:0,(anonymous_764)
FNDA:0,b
FNDA:0,(anonymous_766)
FNDA:0,_
FNDA:0,(anonymous_768)
FNDA:0,(anonymous_769)
FNDA:0,w
FNDA:0,(anonymous_771)
FNDA:0,x
FNDA:0,O
FNDA:0,k
FNDA:0,(anonymous_775)
FNDA:0,(anonymous_776)
FNDA:0,C
FNDA:0,(anonymous_778)
FNDA:0,S
FNDA:0,(anonymous_780)
FNDA:0,(anonymous_781)
FNDA:0,(anonymous_782)
FNDA:0,(anonymous_783)
FNDA:0,(anonymous_784)
FNDA:0,(anonymous_785)
FNDA:0,(anonymous_786)
FNDA:0,A
FNDA:0,e
FNDA:0,(anonymous_789)
FNDA:0,$
FNDA:0,(anonymous_791)
FNDA:0,(anonymous_792)
FNDA:0,(anonymous_793)
FNDA:0,(anonymous_794)
FNDA:0,(anonymous_795)
FNDA:0,(anonymous_796)
FNDA:0,(anonymous_797)
FNDA:0,(anonymous_798)
FNDA:0,(anonymous_799)
FNDA:0,M
FNDA:0,(anonymous_801)
FNDA:0,(anonymous_802)
FNDA:0,(anonymous_803)
FNDA:0,(anonymous_804)
FNDA:0,(anonymous_805)
FNDA:0,(anonymous_806)
FNDA:0,(anonymous_807)
FNDA:0,(anonymous_808)
FNDA:0,assert
FNDA:0,assert
FNDA:0,t
FNDA:0,(anonymous_812)
FNDA:0,(anonymous_813)
FNDA:0,(anonymous_814)
FNDA:0,(anonymous_815)
FNDA:0,(anonymous_816)
FNDA:0,(anonymous_817)
FNDA:0,(anonymous_818)
FNDA:0,(anonymous_819)
FNDA:0,(anonymous_820)
FNDA:0,(anonymous_821)
FNDA:0,(anonymous_822)
FNDA:0,(anonymous_823)
FNDA:0,(anonymous_824)
FNDA:0,(anonymous_825)
FNDA:0,(anonymous_826)
FNDA:0,(anonymous_827)
FNDA:0,(anonymous_828)
FNDA:0,(anonymous_829)
FNDA:0,(anonymous_830)
FNDA:0,(anonymous_831)
FNDA:0,(anonymous_832)
FNDA:0,(anonymous_833)
FNDA:0,(anonymous_834)
FNDA:0,(anonymous_835)
FNDA:0,(anonymous_836)
FNDA:0,(anonymous_837)
FNDA:0,(anonymous_838)
FNDA:0,(anonymous_839)
FNDA:0,(anonymous_840)
FNDA:0,(anonymous_841)
FNDA:0,(anonymous_842)
FNDA:0,(anonymous_843)
FNDA:0,(anonymous_844)
FNDA:0,(anonymous_845)
FNDA:0,(anonymous_846)
FNDA:0,z
FNDA:0,(anonymous_848)
FNDA:0,(anonymous_849)
FNDA:0,(anonymous_850)
FNDA:0,(anonymous_851)
FNDA:0,(anonymous_852)
FNDA:0,r
FNDA:0,(anonymous_854)
FNDA:0,(anonymous_855)
FNDA:0,(anonymous_856)
FNDA:0,validateStatus
FNDA:0,(anonymous_858)
FNDA:0,(anonymous_859)
FNDA:0,(anonymous_860)
FNDA:0,n
FNDA:0,r
FNDA:0,i
FNDA:0,o
FNDA:0,a
FNDA:0,s
FNDA:0,u
FNDA:0,c
FNDA:0,(anonymous_869)
FNDA:0,(anonymous_870)
FNDA:0,(anonymous_871)
FNDA:0,(anonymous_872)
FNDA:0,(anonymous_873)
FNDA:0,(anonymous_874)
FNDA:0,(anonymous_875)
FNDA:0,(anonymous_876)
FNDA:0,(anonymous_877)
FNDA:0,r
FNDA:0,i
FNDA:0,o
FNDA:0,a
FNDA:0,(anonymous_882)
FNDA:0,(anonymous_883)
FNDA:0,s
FNDA:0,(anonymous_885)
FNDA:0,u
FNDA:0,(anonymous_887)
FNDA:0,(anonymous_888)
FNDA:0,(anonymous_889)
FNDA:0,r
FNDA:0,(anonymous_891)
FNDA:0,i
FNDA:0,(anonymous_893)
FNDA:0,r
FNDA:0,i
FNDA:0,(anonymous_896)
FNDA:0,r
FNDA:0,(anonymous_898)
FNDA:0,(anonymous_899)
FNDA:0,(anonymous_900)
FNDA:0,(anonymous_901)
FNDA:0,(anonymous_902)
FNDA:0,(anonymous_903)
FNDA:0,(anonymous_904)
FNDA:0,(anonymous_905)
FNDA:0,r
FNDA:0,i
FNDA:0,(anonymous_908)
FNDA:0,click
FNDA:0,generateRouteLink
FNDA:0,(anonymous_911)
FNDA:0,(anonymous_912)
FNDA:0,(anonymous_913)
FNDA:0,(anonymous_914)
FNDA:0,r
FNDA:0,(anonymous_916)
FNDA:0,data
FNDA:0,classes
FNDA:0,counterValue
FNDA:0,directivesInput
FNDA:0,hasOutline
FNDA:0,get
FNDA:0,set
FNDA:0,isDirty
FNDA:0,isEnclosed
FNDA:0,isLabelActive
FNDA:0,isSingle
FNDA:0,isSolo
FNDA:0,labelPosition
FNDA:0,showLabel
FNDA:0,labelValue
FNDA:0,isFocused
FNDA:0,value
FNDA:0,(anonymous_934)
FNDA:0,mounted
FNDA:0,focus
FNDA:0,blur
FNDA:0,clearableCallback
FNDA:0,(anonymous_939)
FNDA:0,genAppendSlot
FNDA:0,genPrependInnerSlot
FNDA:0,genIconSlot
FNDA:0,genInputSlot
FNDA:0,genClearIcon
FNDA:0,genCounter
FNDA:0,genDefaultSlot
FNDA:0,genLabel
FNDA:0,genInput
FNDA:0,genMessages
FNDA:0,genTextFieldSlot
FNDA:0,genAffix
FNDA:0,onBlur
FNDA:0,onClick
FNDA:0,onFocus
FNDA:0,onInput
FNDA:0,onKeyDown
FNDA:0,onMouseDown
FNDA:0,onMouseUp
FNDA:0,(anonymous_959)
FNDA:0,(anonymous_960)
FNDA:0,get
FNDA:0,(anonymous_962)
FNDA:0,(anonymous_963)
FNDA:0,(anonymous_964)
FNDA:0,(anonymous_965)
FNDA:0,(anonymous_966)
FNDA:0,(anonymous_967)
FNDA:0,p
FNDA:0,(anonymous_969)
FNDA:0,w
FNDA:0,(anonymous_971)
FNDA:0,(anonymous_972)
FNDA:0,A
FNDA:0,(anonymous_974)
FNDA:0,(anonymous_975)
FNDA:0,(anonymous_976)
FNDA:0,(anonymous_977)
FNDA:0,(anonymous_978)
FNDA:0,(anonymous_979)
FNDA:0,(anonymous_980)
FNDA:0,(anonymous_981)
FNDA:0,(anonymous_982)
FNDA:0,(anonymous_983)
FNDA:0,(anonymous_984)
FNDA:0,(anonymous_985)
FNDA:0,(anonymous_986)
FNDA:0,a
FNDA:0,(anonymous_988)
FNDA:0,(anonymous_989)
FNDA:0,(anonymous_990)
FNDA:0,(anonymous_991)
FNDA:0,g
FNDA:0,b
FNDA:0,d
FNDA:0,(anonymous_995)
FNDA:0,p
FNDA:0,r
FNDA:0,r
FNDA:0,r
FNDA:0,(anonymous_1000)
FNDA:0,(anonymous_1001)
FNDA:0,(anonymous_1002)
FNDA:0,(anonymous_1003)
FNDA:0,(anonymous_1004)
FNDA:0,(anonymous_1005)
FNDA:0,(anonymous_1006)
FNDA:0,(anonymous_1007)
FNDA:0,(anonymous_1008)
FNDA:0,(anonymous_1009)
FNDA:0,(anonymous_1010)
FNDA:0,(anonymous_1011)
FNDA:0,(anonymous_1012)
FNDA:0,r
FNDA:0,(anonymous_1014)
FNDA:0,(anonymous_1015)
FNDA:0,(anonymous_1016)
FNDA:0,(anonymous_1017)
FNDA:0,(anonymous_1018)
FNDA:0,(anonymous_1019)
FNDA:0,(anonymous_1020)
FNDA:0,(anonymous_1021)
FNDA:0,(anonymous_1022)
FNDA:0,(anonymous_1023)
FNDA:0,(anonymous_1024)
FNDA:0,(anonymous_1025)
FNDA:0,(anonymous_1026)
FNDA:0,(anonymous_1027)
FNDA:0,(anonymous_1028)
FNDA:0,(anonymous_1029)
FNDA:0,(anonymous_1030)
FNDA:0,(anonymous_1031)
FNDA:0,(anonymous_1032)
FNDA:0,(anonymous_1033)
FNDA:0,(anonymous_1034)
FNDA:0,(anonymous_1035)
FNDA:0,(anonymous_1036)
FNDA:0,(anonymous_1037)
FNDA:0,(anonymous_1038)
FNDA:0,(anonymous_1039)
FNDA:0,r
FNDA:0,(anonymous_1041)
FNDA:0,(anonymous_1042)
FNDA:0,(anonymous_1043)
FNDA:0,r
FNDA:0,(anonymous_1045)
FNDA:0,(anonymous_1046)
FNDA:0,(anonymous_1047)
FNDA:0,(anonymous_1048)
FNDA:0,(anonymous_1049)
FNDA:0,(anonymous_1050)
FNDA:0,(anonymous_1051)
FNDA:0,(anonymous_1052)
FNDA:0,(anonymous_1053)
FNDA:0,(anonymous_1054)
FNDA:0,(anonymous_1055)
FNDA:0,(anonymous_1056)
FNDA:0,r
FNDA:0,i
FNDA:0,o
FNDA:0,a
FNDA:0,(anonymous_1061)
FNDA:0,s
FNDA:0,(anonymous_1063)
FNDA:0,(anonymous_1064)
FNDA:0,(anonymous_1065)
FNDA:0,(anonymous_1066)
FNDA:0,n
FNDA:0,s
FNDA:0,(anonymous_1069)
FNDA:0,(anonymous_1070)
FNDA:0,s
FNDA:0,(anonymous_1072)
FNDA:0,s
FNDA:0,(anonymous_1074)
FNDA:0,(anonymous_1075)
FNDA:0,s
FNDA:0,(anonymous_1077)
FNDA:0,r
FNDA:0,i
FNDA:0,o
FNDA:0,a
FNDA:0,(anonymous_1082)
FNDA:0,(anonymous_1083)
FNDA:0,s
FNDA:0,(anonymous_1085)
FNDA:0,u
FNDA:0,c
FNDA:0,(anonymous_1088)
FNDA:0,p
FNDA:0,h
FNDA:0,(anonymous_1091)
FNDA:0,v
FNDA:0,$invalid
FNDA:0,(anonymous_1094)
FNDA:0,(anonymous_1095)
FNDA:0,$dirty
FNDA:0,(anonymous_1097)
FNDA:0,$error
FNDA:0,$pending
FNDA:0,(anonymous_1100)
FNDA:0,(anonymous_1101)
FNDA:0,$params
FNDA:0,(anonymous_1103)
FNDA:0,(anonymous_1104)
FNDA:0,$touch
FNDA:0,$reset
FNDA:0,$flattenParams
FNDA:0,x
FNDA:0,beforeCreate
FNDA:0,beforeDestroy
FNDA:0,getModel
FNDA:0,getModelKey
FNDA:0,refs
FNDA:0,(anonymous_1114)
FNDA:0,data
FNDA:0,runRule
FNDA:0,run
FNDA:0,$params
FNDA:0,proxy
FNDA:0,$pending
FNDA:0,data
FNDA:0,refProxy
FNDA:0,getRef
FNDA:0,isNested
FNDA:0,nestedKeys
FNDA:0,ruleKeys
FNDA:0,(anonymous_1127)
FNDA:0,keys
FNDA:0,(anonymous_1129)
FNDA:0,proxy
FNDA:0,(anonymous_1131)
FNDA:0,get
FNDA:0,(anonymous_1133)
FNDA:0,get
FNDA:0,(anonymous_1135)
FNDA:0,get
FNDA:0,children
FNDA:0,(anonymous_1138)
FNDA:0,(anonymous_1139)
FNDA:0,isNested
FNDA:0,getRef
FNDA:0,keys
FNDA:0,tracker
FNDA:0,(anonymous_1144)
FNDA:0,(anonymous_1145)
FNDA:0,eagerParentModel
FNDA:0,(anonymous_1147)
FNDA:0,children
FNDA:0,(anonymous_1149)
FNDA:0,isNested
FNDA:0,getRef
FNDA:0,c
FNDA:0,(anonymous_1153)
FNDA:0,(anonymous_1154)
FNDA:0,(anonymous_1155)
FNDA:0,x
FNDA:0,k
FNDA:0,children
FNDA:0,data
FNDA:0,beforeCreate
FNDA:0,(anonymous_1161)
FNDA:0,beforeDestroy
FNDA:0,(anonymous_1163)
FNDA:0,r
FNDA:0,i
FNDA:0,o
FNDA:0,a
FNDA:0,s
FNDA:0,(anonymous_1169)
FNDA:0,u
FNDA:0,c
FNDA:0,l
FNDA:0,f
FNDA:0,d
FNDA:0,p
FNDA:0,h
FNDA:0,(anonymous_1177)
FNDA:0,(anonymous_1178)
FNDA:0,(anonymous_1179)
FNDA:0,(anonymous_1180)
FNDA:0,e
FNDA:0,(anonymous_1182)
FNDA:0,(anonymous_1183)
FNDA:0,(anonymous_1184)
FNDA:0,(anonymous_1185)
FNDA:0,(anonymous_1186)
FNDA:0,(anonymous_1187)
FNDA:0,r
FNDA:0,i
FNDA:0,o
FNDA:0,a
FNDA:0,(anonymous_1192)
FNDA:0,s
FNDA:0,u
FNDA:0,(anonymous_1195)
FNDA:0,c
FNDA:0,(anonymous_1197)
FNDA:0,l
FNDA:0,f
FNDA:0,d
FNDA:0,(anonymous_1201)
FNDA:0,(anonymous_1202)
FNDA:0,p
FNDA:0,h
FNDA:0,(anonymous_1205)
FNDA:0,v
FNDA:0,m
FNDA:0,y
FNDA:0,g
FNDA:0,b
FNDA:0,(anonymous_1211)
FNDA:0,(anonymous_1212)
FNDA:0,(anonymous_1213)
FNDA:0,_
FNDA:0,w
FNDA:0,(anonymous_1216)
FNDA:0,x
FNDA:0,O
FNDA:0,k
FNDA:0,C
FNDA:0,(anonymous_1221)
FNDA:0,(anonymous_1222)
FNDA:0,S
FNDA:0,A
FNDA:0,j
FNDA:0,$
FNDA:0,T
FNDA:0,M
FNDA:0,(anonymous_1229)
FNDA:0,(anonymous_1230)
FNDA:0,(anonymous_1231)
FNDA:0,R
FNDA:0,D
FNDA:0,(anonymous_1234)
FNDA:0,F
FNDA:0,(anonymous_1236)
FNDA:0,z
FNDA:0,H
FNDA:0,(anonymous_1239)
FNDA:0,U
FNDA:0,(anonymous_1241)
FNDA:0,(anonymous_1242)
FNDA:0,(anonymous_1243)
FNDA:0,(anonymous_1244)
FNDA:0,W
FNDA:0,G
FNDA:0,(anonymous_1247)
FNDA:0,(anonymous_1248)
FNDA:0,(anonymous_1249)
FNDA:0,K
FNDA:0,(anonymous_1251)
FNDA:0,(anonymous_1252)
FNDA:0,disable
FNDA:0,enable
FNDA:0,inserted
FNDA:0,(anonymous_1256)
FNDA:0,(anonymous_1257)
FNDA:0,(anonymous_1258)
FNDA:0,t
FNDA:0,(anonymous_1260)
FNDA:0,nt
FNDA:0,(anonymous_1262)
FNDA:0,(anonymous_1263)
FNDA:0,(anonymous_1264)
FNDA:0,(anonymous_1265)
FNDA:0,(anonymous_1266)
FNDA:0,(anonymous_1267)
FNDA:0,r
FNDA:0,i
FNDA:0,(anonymous_1270)
FNDA:0,(anonymous_1271)
FNDA:0,install
FNDA:0,(anonymous_1273)
FNDA:0,(anonymous_1274)
FNDA:0,(anonymous_1275)
FNDA:0,(anonymous_1276)
FNDA:0,r
FNDA:0,bind
FNDA:0,unbind
FNDA:0,update
FNDA:0,(anonymous_1281)
FNDA:0,(anonymous_1282)
FNDA:0,r
FNDA:0,i
FNDA:0,(anonymous_1285)
FNDA:0,data
FNDA:0,breakpoint
FNDA:0,created
FNDA:0,beforeDestroy
FNDA:0,onResize
FNDA:0,setDimensions
FNDA:0,(anonymous_1292)
FNDA:0,r
FNDA:0,(anonymous_1294)
FNDA:0,(anonymous_1295)
FNDA:0,r
FNDA:0,(anonymous_1297)
FNDA:0,r
FNDA:0,(anonymous_1299)
FNDA:0,r
FNDA:0,i
FNDA:0,o
FNDA:0,t
FNDA:0,(anonymous_1304)
FNDA:0,(anonymous_1305)
FNDA:0,(anonymous_1306)
FNDA:0,(anonymous_1307)
FNDA:0,r
FNDA:0,i
FNDA:0,o
FNDA:0,a
FNDA:0,s
FNDA:0,(anonymous_1313)
FNDA:0,i
FNDA:0,(anonymous_1315)
FNDA:0,(anonymous_1316)
FNDA:0,(anonymous_1317)
FNDA:0,(anonymous_1318)
FNDA:0,(anonymous_1319)
FNDA:0,(anonymous_1320)
FNDA:0,(anonymous_1321)
FNDA:0,(anonymous_1322)
FNDA:0,(anonymous_1323)
FNDA:0,(anonymous_1324)
FNDA:0,(anonymous_1325)
FNDA:0,(anonymous_1326)
FNDA:0,(anonymous_1327)
FNDA:0,(anonymous_1328)
FNDA:0,(anonymous_1329)
FNDA:0,(anonymous_1330)
FNDA:0,(anonymous_1331)
FNDA:0,(anonymous_1332)
FNDA:0,(anonymous_1333)
FNDA:0,r
FNDA:0,i
FNDA:0,classes
FNDA:0,dark
FNDA:0,mounted
FNDA:0,render
FNDA:0,(anonymous_1340)
FNDA:0,(anonymous_1341)
FNDA:0,(anonymous_1342)
FNDA:0,(anonymous_1343)
FNDA:0,data
FNDA:0,parsedTheme
FNDA:0,generatedStyles
FNDA:0,vueMeta
FNDA:0,metaInfo
FNDA:0,head
FNDA:0,generatedStyles
FNDA:0,created
FNDA:0,applyTheme
FNDA:0,genStyle
FNDA:0,(anonymous_1354)
FNDA:0,r
FNDA:0,i
FNDA:0,o
FNDA:0,a
FNDA:0,s
FNDA:0,(anonymous_1360)
FNDA:0,(anonymous_1361)
FNDA:0,(anonymous_1362)
FNDA:0,r
FNDA:0,i
FNDA:0,o
FNDA:0,s
FNDA:0,c
FNDA:0,(anonymous_1368)
FNDA:0,r
FNDA:0,i
FNDA:0,a
FNDA:0,s
FNDA:0,(anonymous_1373)
FNDA:0,(anonymous_1374)
FNDA:0,(anonymous_1375)
FNDA:0,(anonymous_1376)
FNDA:0,r
FNDA:0,validator
FNDA:0,data
FNDA:0,classes
FNDA:0,computedIcon
FNDA:0,render
FNDA:0,click
FNDA:0,(anonymous_1384)
FNDA:0,r
FNDA:0,i
FNDA:0,(anonymous_1387)
FNDA:0,o
FNDA:0,(anonymous_1389)
FNDA:0,(anonymous_1390)
FNDA:0,render
FNDA:0,(anonymous_1392)
FNDA:0,(anonymous_1393)
FNDA:0,(anonymous_1394)
FNDA:0,(anonymous_1395)
FNDA:0,(anonymous_1396)
FNDA:0,(anonymous_1397)
FNDA:0,(anonymous_1398)
FNDA:0,(anonymous_1399)
FNDA:0,(anonymous_1400)
FNDA:0,r
FNDA:0,data
FNDA:0,applicationProperty
FNDA:0,calculatedTransform
FNDA:0,calculatedWidth
FNDA:0,classes
FNDA:0,isMobile
FNDA:0,marginTop
FNDA:0,maxHeight
FNDA:0,reactsToClick
FNDA:0,reactsToMobile
FNDA:0,reactsToRoute
[...]
BRDA:16,2838,0,0
BRDA:16,2838,1,0
BRDA:16,2839,0,0
BRDA:16,2839,1,0
BRDA:16,2840,0,0
BRDA:16,2840,1,0
BRDA:16,2841,0,0
BRDA:16,2841,1,0
BRDA:16,2842,0,0
BRDA:16,2842,1,0
BRDA:16,2843,0,0
BRDA:16,2843,1,0
BRDA:16,2844,0,0
BRDA:16,2844,1,0
BRDA:16,2845,0,0
BRDA:16,2845,1,0
BRDA:16,2846,0,0
BRDA:16,2846,1,0
BRDA:16,2846,2,0
BRDA:16,2847,0,0
BRDA:16,2847,1,0
BRDA:16,2848,0,0
BRDA:16,2848,1,0
BRDA:16,2848,2,0
BRDA:16,2849,0,0
BRDA:16,2849,1,0
BRDA:16,2850,0,0
BRDA:16,2850,1,0
BRDA:16,2851,0,0
BRDA:16,2851,1,0
BRDA:16,2852,0,0
BRDA:16,2852,1,0
BRDA:16,2852,2,0
BRDA:16,2853,0,0
BRDA:16,2853,1,0
BRDA:16,2854,0,0
BRDA:16,2854,1,0
BRDA:16,2855,0,0
BRDA:16,2855,1,0
BRDA:16,2856,0,0
BRDA:16,2856,1,0
BRDA:16,2857,0,0
BRDA:16,2857,1,0
BRDA:16,2858,0,0
BRDA:16,2858,1,0
BRDA:16,2859,0,0
BRDA:16,2859,1,0
BRDA:16,2860,0,0
BRDA:16,2860,1,0
BRDA:16,2861,0,0
BRDA:16,2861,1,0
BRDA:16,2862,0,0
BRDA:16,2862,1,0
BRDA:16,2863,0,0
BRDA:16,2863,1,0
BRDA:16,2863,2,0
BRDA:16,2864,0,0
BRDA:16,2864,1,0
BRDA:16,2865,0,0
BRDA:16,2865,1,0
BRDA:16,2866,0,0
BRDA:16,2866,1,0
BRDA:16,2867,0,0
BRDA:16,2867,1,0
BRDA:16,2868,0,0
BRDA:16,2868,1,0
BRDA:16,2869,0,0
BRDA:16,2869,1,0
BRDA:16,2870,0,0
BRDA:16,2870,1,0
BRDA:16,2871,0,0
BRDA:16,2871,1,0
BRDA:16,2872,0,0
BRDA:16,2872,1,0
BRDA:16,2873,0,0
BRDA:16,2873,1,0
BRDA:16,2874,0,0
BRDA:16,2874,1,0
BRDA:16,2875,0,0
BRDA:16,2875,1,0
BRDA:16,2875,2,0
BRDA:16,2876,0,0
BRDA:16,2876,1,0
BRDA:16,2877,0,0
BRDA:16,2877,1,0
BRDA:16,2878,0,0
BRDA:16,2878,1,0
BRDA:16,2879,0,0
BRDA:16,2879,1,0
BRDA:16,2879,2,0
BRDA:16,2879,3,0
BRDA:16,2879,4,0
BRDA:16,2880,0,0
BRDA:16,2880,1,0
BRDA:16,2881,0,0
BRDA:16,2881,1,0
BRDA:16,2882,0,0
BRDA:16,2882,1,0
BRDA:16,2883,0,0
BRDA:16,2883,1,0
BRDA:16,2884,0,0
BRDA:16,2884,1,0
BRDA:16,2884,2,0
BRDA:16,2885,0,0
BRDA:16,2885,1,0
BRDA:16,2886,0,0
BRDA:16,2886,1,0
BRDA:16,2887,0,0
BRDA:16,2887,1,0
BRDA:16,2888,0,0
BRDA:16,2888,1,0
BRDA:16,2889,0,0
BRDA:16,2889,1,0
BRDA:16,2890,0,0
BRDA:16,2890,1,0
BRDA:16,2891,0,0
BRDA:16,2891,1,0
BRDA:16,2892,0,0
BRDA:16,2892,1,0
BRDA:16,2893,0,0
BRDA:16,2893,1,0
BRDA:16,2894,0,0
BRDA:16,2894,1,0
BRDA:16,2895,0,0
BRDA:16,2895,1,0
BRDA:16,2896,0,0
BRDA:16,2896,1,0
BRDA:16,2897,0,0
BRDA:16,2897,1,0
BRDA:16,2898,0,0
BRDA:16,2898,1,0
BRDA:16,2898,2,0
BRDA:16,2898,3,0
BRDA:16,2898,4,0
BRDA:16,2898,5,0
BRDA:16,2898,6,0
BRDA:16,2899,0,0
BRDA:16,2899,1,0
BRDA:16,2900,0,0
BRDA:16,2900,1,0
BRDA:16,2900,2,0
BRDA:16,2901,0,0
BRDA:16,2901,1,0
BRDA:16,2902,0,0
BRDA:16,2902,1,0
BRDA:16,2903,0,0
BRDA:16,2903,1,0
BRDA:16,2904,0,0
BRDA:16,2904,1,0
BRDA:16,2905,0,0
BRDA:16,2905,1,0
BRDA:16,2906,0,0
BRDA:16,2906,1,0
BRDA:16,2907,0,0
BRDA:16,2907,1,0
BRDA:16,2907,2,0
BRDA:16,2908,0,0
BRDA:16,2908,1,0
BRDA:16,2909,0,0
BRDA:16,2909,1,0
BRDA:16,2910,0,0
BRDA:16,2910,1,0
BRDA:16,2911,0,0
BRDA:16,2911,1,0
BRDA:16,2912,0,0
BRDA:16,2912,1,0
BRDA:16,2913,0,0
BRDA:16,2913,1,0
BRDA:16,2914,0,0
BRDA:16,2914,1,0
BRDA:16,2915,0,0
BRDA:16,2915,1,0
BRDA:16,2916,0,0
BRDA:16,2916,1,0
BRDA:16,2917,0,0
BRDA:16,2917,1,0
BRDA:16,2917,2,0
BRDA:16,2917,3,0
BRDA:16,2918,0,0
BRDA:16,2918,1,0
BRDA:16,2919,0,0
BRDA:16,2919,1,0
BRDA:16,2920,0,0
BRDA:16,2920,1,0
BRDA:16,2921,0,0
BRDA:16,2921,1,0
BRDA:16,2922,0,0
BRDA:16,2922,1,0
BRDA:16,2923,0,0
BRDA:16,2923,1,0
BRDA:16,2924,0,0
BRDA:16,2924,1,0
BRDA:16,2925,0,0
BRDA:16,2925,1,0
BRDA:16,2926,0,0
BRDA:16,2926,1,0
BRDA:16,2927,0,0
BRDA:16,2927,1,0
BRDA:16,2927,2,0
BRDA:16,2928,0,0
BRDA:16,2928,1,0
BRDA:16,2929,0,0
BRDA:16,2929,1,0
BRDA:16,2930,0,0
BRDA:16,2930,1,0
BRDA:16,2931,0,0
BRDA:16,2931,1,0
BRDA:16,2932,0,0
BRDA:16,2932,1,0
BRDA:16,2933,0,0
BRDA:16,2933,1,0
BRDA:16,2934,0,0
BRDA:16,2934,1,0
BRDA:16,2935,0,0
BRDA:16,2935,1,0
BRDA:16,2935,2,0
BRDA:16,2936,0,0
BRDA:16,2936,1,0
BRDA:16,2937,0,0
BRDA:16,2937,1,0
BRDA:16,2938,0,0
BRDA:16,2938,1,0
BRDA:16,2939,0,0
BRDA:16,2939,1,0
BRDA:16,2940,0,0
BRDA:16,2940,1,0
BRDA:16,2941,0,0
BRDA:16,2941,1,0
BRDA:16,2942,0,0
BRDA:16,2942,1,0
BRDA:16,2943,0,0
BRDA:16,2943,1,0
BRDA:16,2944,0,0
BRDA:16,2944,1,0
BRDA:16,2945,0,0
BRDA:16,2945,1,0
BRDA:16,2946,0,0
BRDA:16,2946,1,0
BRDA:16,2947,0,0
BRDA:16,2947,1,0
BRDA:16,2948,0,0
BRDA:16,2948,1,0
BRDA:16,2949,0,0
BRDA:16,2949,1,0
BRDA:16,2950,0,0
BRDA:16,2950,1,0
BRDA:16,2951,0,0
BRDA:16,2951,1,0
BRDA:16,2952,0,0
BRDA:16,2952,1,0
BRDA:16,2953,0,0
BRDA:16,2953,1,0
BRDA:16,2954,0,0
BRDA:16,2954,1,0
BRDA:16,2955,0,0
BRDA:16,2955,1,0
BRDA:16,2956,0,0
BRDA:16,2956,1,0
BRDA:16,2957,0,0
BRDA:16,2957,1,0
BRDA:16,2958,0,0
BRDA:16,2958,1,0
BRDA:16,2958,2,0
BRDA:16,2958,3,0
BRDA:16,2959,0,0
BRDA:16,2959,1,0
BRDA:16,2959,2,0
BRDA:16,2960,0,0
BRDA:16,2960,1,0
BRDA:16,2961,0,0
BRDA:16,2961,1,0
BRDA:16,2962,0,0
BRDA:16,2962,1,0
BRDA:16,2963,0,0
BRDA:16,2963,1,0
BRDA:16,2964,0,0
BRDA:16,2964,1,0
BRDA:16,2965,0,0
BRDA:16,2965,1,0
BRDA:16,2966,0,0
BRDA:16,2966,1,0
BRDA:16,2967,0,0
BRDA:16,2967,1,0
BRDA:16,2968,0,0
BRDA:16,2968,1,0
BRDA:16,2969,0,0
BRDA:16,2969,1,0
BRDA:16,2970,0,0
BRDA:16,2970,1,0
BRDA:16,2971,0,0
BRDA:16,2971,1,0
BRDA:16,2972,0,0
BRDA:16,2972,1,0
BRDA:16,2972,2,0
BRDA:16,2973,0,0
BRDA:16,2973,1,0
BRDA:16,2974,0,0
BRDA:16,2974,1,0
BRDA:16,2975,0,0
BRDA:16,2975,1,0
BRDA:16,2976,0,0
BRDA:16,2976,1,0
BRDA:16,2977,0,0
BRDA:16,2977,1,0
BRDA:16,2978,0,0
BRDA:16,2978,1,0
BRDA:16,2979,0,0
BRDA:16,2979,1,0
BRDA:16,2980,0,0
BRDA:16,2980,1,0
BRDA:16,2981,0,0
BRDA:16,2981,1,0
BRDA:16,2982,0,0
BRDA:16,2982,1,0
BRDA:16,2983,0,0
BRDA:16,2983,1,0
BRDA:16,2984,0,0
BRDA:16,2984,1,0
BRDA:16,2985,0,0
BRDA:16,2985,1,0
BRDA:16,2986,0,0
BRDA:16,2986,1,0
BRDA:16,2987,0,0
BRDA:16,2987,1,0
BRDA:16,2988,0,0
BRDA:16,2988,1,0
BRDA:16,2989,0,0
BRDA:16,2989,1,0
BRDA:16,2990,0,0
BRDA:16,2990,1,0
BRDA:16,2990,2,0
BRDA:16,2991,0,0
BRDA:16,2991,1,0
BRDA:16,2992,0,0
BRDA:16,2992,1,0
BRDA:16,2993,0,0
BRDA:16,2993,1,0
BRDA:16,2994,0,0
BRDA:16,2994,1,0
BRDA:16,2995,0,0
BRDA:16,2995,1,0
BRDA:16,2996,0,0
BRDA:16,2996,1,0
BRDA:16,2997,0,0
BRDA:16,2997,1,0
BRDA:16,2998,0,0
BRDA:16,2998,1,0
BRDA:16,2999,0,0
BRDA:16,2999,1,0
BRDA:16,3000,0,0
BRDA:16,3000,1,0
BRDA:16,3001,0,0
BRDA:16,3001,1,0
BRDA:16,3002,0,0
BRDA:16,3002,1,0
BRDA:16,3003,0,0
BRDA:16,3003,1,0
BRDA:16,3004,0,0
BRDA:16,3004,1,0
BRDA:16,3005,0,0
BRDA:16,3005,1,0
BRDA:16,3006,0,0
BRDA:16,3006,1,0
BRDA:16,3007,0,0
BRDA:16,3007,1,0
BRDA:16,3008,0,0
BRDA:16,3008,1,0
BRDA:16,3009,0,0
BRDA:16,3009,1,0
BRDA:16,3010,0,0
BRDA:16,3010,1,0
BRDA:16,3011,0,0
BRDA:16,3011,1,0
BRDA:16,3012,0,0
BRDA:16,3012,1,0
BRDA:16,3013,0,0
BRDA:16,3013,1,0
BRDA:16,3014,0,0
BRDA:16,3014,1,0
BRDA:16,3015,0,0
BRDA:16,3015,1,0
BRDA:16,3016,0,0
BRDA:16,3016,1,0
BRDA:16,3017,0,0
BRDA:16,3017,1,0
BRDA:16,3018,0,0
BRDA:16,3018,1,0
BRDA:16,3019,0,0
BRDA:16,3019,1,0
BRDA:16,3020,0,0
BRDA:16,3020,1,0
BRDA:16,3021,0,0
BRDA:16,3021,1,0
BRDA:16,3022,0,0
BRDA:16,3022,1,0
BRDA:16,3023,0,0
BRDA:16,3023,1,0
BRDA:16,3024,0,0
BRDA:16,3024,1,0
BRDA:16,3025,0,0
BRDA:16,3025,1,0
BRDA:16,3026,0,0
BRDA:16,3026,1,0
BRDA:16,3027,0,0
BRDA:16,3027,1,0
BRDA:16,3028,0,0
BRDA:16,3028,1,0
BRDA:16,3029,0,0
BRDA:16,3029,1,0
BRDA:16,3030,0,0
BRDA:16,3030,1,0
BRDA:16,3031,0,0
BRDA:16,3031,1,0
BRDA:16,3032,0,0
BRDA:16,3032,1,0
BRDA:16,3032,2,0
BRDA:16,3032,3,0
BRDA:16,3033,0,0
BRDA:16,3033,1,0
BRDA:16,3034,0,0
BRDA:16,3034,1,0
BRDA:16,3034,2,0
BRDA:16,3035,0,0
BRDA:16,3035,1,0
BRDA:16,3036,0,0
BRDA:16,3036,1,0
BRDA:16,3037,0,0
BRDA:16,3037,1,0
BRDA:16,3038,0,0
BRDA:16,3038,1,0
BRDA:16,3039,0,0
BRDA:16,3039,1,0
BRDA:16,3040,0,0
BRDA:16,3040,1,0
BRDA:16,3041,0,0
BRDA:16,3041,1,0
BRDA:16,3042,0,0
BRDA:16,3042,1,0
BRDA:16,3042,2,0
BRDA:16,3042,3,0
BRDA:16,3043,0,0
BRDA:16,3043,1,0
BRDA:16,3044,0,0
BRDA:16,3044,1,0
BRDA:16,3045,0,0
BRDA:16,3045,1,0
BRDA:16,3046,0,0
BRDA:16,3046,1,0
BRDA:16,3047,0,0
BRDA:16,3047,1,0
BRDA:16,3048,0,0
BRDA:16,3048,1,0
BRDA:16,3049,0,0
BRDA:16,3049,1,0
BRDA:16,3050,0,0
BRDA:16,3050,1,0
BRDA:16,3051,0,0
BRDA:16,3051,1,0
BRDA:16,3052,0,0
BRDA:16,3052,1,0
BRDA:16,3053,0,0
BRDA:16,3053,1,0
BRDA:16,3054,0,0
BRDA:16,3054,1,0
BRDA:16,3055,0,0
BRDA:16,3055,1,0
BRDA:16,3056,0,0
BRDA:16,3056,1,0
BRDA:16,3057,0,0
BRDA:16,3057,1,0
BRDA:16,3057,2,0
BRDA:16,3058,0,0
BRDA:16,3058,1,0
BRDA:16,3058,2,0
BRDA:16,3058,3,0
BRDA:16,3058,4,0
BRDA:16,3058,5,0
BRDA:16,3059,0,0
BRDA:16,3059,1,0
BRDA:16,3060,0,0
BRDA:16,3060,1,0
BRDA:16,3061,0,0
BRDA:16,3061,1,0
BRDA:16,3062,0,0
BRDA:16,3062,1,0
BRDA:16,3063,0,0
BRDA:16,3063,1,0
BRDA:16,3064,0,0
BRDA:16,3064,1,0
BRDA:16,3065,0,0
BRDA:16,3065,1,0
BRDA:16,3065,2,0
BRDA:16,3066,0,0
BRDA:16,3066,1,0
BRDA:16,3067,0,0
BRDA:16,3067,1,0
BRDA:16,3068,0,0
BRDA:16,3068,1,0
BRDA:16,3069,0,0
BRDA:16,3069,1,0
BRDA:16,3070,0,0
BRDA:16,3070,1,0
BRDA:16,3071,0,0
BRDA:16,3071,1,0
BRDA:16,3072,0,0
BRDA:16,3072,1,0
BRDA:16,3073,0,0
BRDA:16,3073,1,0
BRDA:16,3074,0,0
BRDA:16,3074,1,0
BRDA:16,3075,0,0
BRDA:16,3075,1,0
BRDA:16,3076,0,0
BRDA:16,3076,1,0
BRDA:16,3077,0,0
BRDA:16,3077,1,0
BRDA:16,3078,0,0
BRDA:16,3078,1,0
BRDA:16,3078,2,0
BRDA:16,3078,3,0
BRDA:16,3078,4,0
BRDA:16,3079,0,0
BRDA:16,3079,1,0
BRDA:16,3080,0,0
BRDA:16,3080,1,0
BRDA:16,3081,0,0
BRDA:16,3081,1,0
BRDA:16,3082,0,0
BRDA:16,3082,1,0
BRDA:16,3083,0,0
BRDA:16,3083,1,0
BRDA:16,3084,0,0
BRDA:16,3084,1,0
BRDA:16,3085,0,0
BRDA:16,3085,1,0
BRDA:16,3086,0,0
BRDA:16,3086,1,0
BRDA:16,3086,2,0
BRDA:16,3087,0,0
BRDA:16,3087,1,0
BRDA:16,3087,2,0
BRDA:16,3088,0,0
BRDA:16,3088,1,0
BRDA:16,3089,0,0
BRDA:16,3089,1,0
BRDA:16,3090,0,0
BRDA:16,3090,1,0
BRDA:16,3091,0,0
BRDA:16,3091,1,0
BRDA:16,3092,0,0
BRDA:16,3092,1,0
BRDA:16,3093,0,0
BRDA:16,3093,1,0
BRDA:16,3094,0,0
BRDA:16,3094,1,0
BRDA:16,3095,0,0
BRDA:16,3095,1,0
BRDA:16,3095,2,0
BRDA:16,3096,0,0
BRDA:16,3096,1,0
BRDA:16,3096,2,0
BRDA:16,3096,3,0
BRDA:16,3096,4,0
BRDA:16,3097,0,0
BRDA:16,3097,1,0
BRDA:16,3098,0,0
BRDA:16,3098,1,0
BRDA:16,3099,0,0
BRDA:16,3099,1,0
BRDA:16,3100,0,0
BRDA:16,3100,1,0
BRDA:16,3101,0,0
BRDA:16,3101,1,0
BRDA:16,3102,0,0
BRDA:16,3102,1,0
BRDA:16,3103,0,0
BRDA:16,3103,1,0
BRDA:16,3104,0,0
BRDA:16,3104,1,0
BRDA:16,3105,0,0
BRDA:16,3105,1,0
BRDA:16,3106,0,0
BRDA:16,3106,1,0
BRDA:16,3107,0,0
BRDA:16,3107,1,0
BRDA:16,3108,0,0
BRDA:16,3108,1,0
BRDA:16,3109,0,0
BRDA:16,3109,1,0
BRDA:16,3109,2,0
BRDA:16,3110,0,0
BRDA:16,3110,1,0
BRDA:16,3110,2,0
BRDA:16,3111,0,0
BRDA:16,3111,1,0
BRDA:16,3112,0,0
BRDA:16,3112,1,0
BRDA:16,3113,0,0
BRDA:16,3113,1,0
BRDA:16,3114,0,0
BRDA:16,3114,1,0
BRDA:16,3115,0,0
BRDA:16,3115,1,0
BRDA:16,3115,2,0
BRDA:16,3116,0,0
BRDA:16,3116,1,0
BRDA:16,3117,0,0
BRDA:16,3117,1,0
BRDA:16,3118,0,0
BRDA:16,3118,1,0
BRDA:16,3119,0,0
BRDA:16,3119,1,0
BRDA:16,3120,0,0
BRDA:16,3120,1,0
BRDA:16,3121,0,0
BRDA:16,3121,1,0
BRDA:16,3122,0,0
BRDA:16,3122,1,0
BRDA:16,3123,0,0
BRDA:16,3123,1,0
BRDA:16,3124,0,0
BRDA:16,3124,1,0
BRDA:16,3125,0,0
BRDA:16,3125,1,0
BRDA:16,3126,0,0
BRDA:16,3126,1,0
BRDA:16,3127,0,0
BRDA:16,3127,1,0
BRDA:16,3128,0,0
BRDA:16,3128,1,0
BRDA:16,3129,0,0
BRDA:16,3129,1,0
BRDA:16,3130,0,0
BRDA:16,3130,1,0
BRDA:16,3131,0,0
BRDA:16,3131,1,0
BRDA:16,3132,0,0
BRDA:16,3132,1,0
BRDA:16,3133,0,0
BRDA:16,3133,1,0
BRDA:16,3134,0,0
BRDA:16,3134,1,0
BRDA:16,3135,0,0
BRDA:16,3135,1,0
BRDA:16,3136,0,0
BRDA:16,3136,1,0
BRDA:16,3137,0,0
BRDA:16,3137,1,0
BRDA:16,3138,0,0
BRDA:16,3138,1,0
BRDA:16,3139,0,0
BRDA:16,3139,1,0
BRDA:16,3140,0,0
BRDA:16,3140,1,0
BRDA:16,3141,0,0
BRDA:16,3141,1,0
BRDA:16,3142,0,0
BRDA:16,3142,1,0
BRDA:16,3143,0,0
BRDA:16,3143,1,0
BRDA:16,3144,0,0
BRDA:16,3144,1,0
BRDA:16,3145,0,0
BRDA:16,3145,1,0
BRDA:16,3146,0,0
BRDA:16,3146,1,0
BRDA:16,3147,0,0
BRDA:16,3147,1,0
BRDA:16,3148,0,0
BRDA:16,3148,1,0
BRDA:16,3148,2,0
BRDA:16,3149,0,0
BRDA:16,3149,1,0
BRDA:16,3150,0,0
BRDA:16,3150,1,0
BRDA:16,3151,0,0
BRDA:16,3151,1,0
BRDA:16,3152,0,0
BRDA:16,3152,1,0
BRDA:16,3153,0,0
BRDA:16,3153,1,0
BRDA:16,3154,0,0
BRDA:16,3154,1,0
BRDA:16,3155,0,0
BRDA:16,3155,1,0
BRDA:16,3156,0,0
BRDA:16,3156,1,0
BRDA:16,3157,0,0
BRDA:16,3157,1,0
BRDA:16,3158,0,0
BRDA:16,3158,1,0
BRDA:16,3159,0,0
BRDA:16,3159,1,0
BRDA:16,3160,0,0
BRDA:16,3160,1,0
BRDA:16,3160,2,0
BRDA:16,3161,0,0
BRDA:16,3161,1,0
BRDA:16,3162,0,0
BRDA:16,3162,1,0
BRDA:16,3162,2,0
BRDA:16,3163,0,0
BRDA:16,3163,1,0
BRDA:16,3163,2,0
BRDA:16,3163,3,0
BRDA:16,3163,4,0
BRDA:16,3164,0,0
BRDA:16,3164,1,0
BRDA:16,3165,0,0
BRDA:16,3165,1,0
BRDA:16,3166,0,0
BRDA:16,3166,1,0
BRDA:16,3167,0,0
BRDA:16,3167,1,0
BRDA:16,3168,0,0
BRDA:16,3168,1,0
BRDA:16,3169,0,0
BRDA:16,3169,1,0
BRDA:16,3170,0,0
BRDA:16,3170,1,0
BRDA:16,3171,0,0
BRDA:16,3171,1,0
BRDA:16,3172,0,0
BRDA:16,3172,1,0
BRDA:16,3173,0,0
BRDA:16,3173,1,0
BRDA:16,3174,0,0
BRDA:16,3174,1,0
BRDA:16,3174,2,0
BRDA:16,3175,0,0
BRDA:16,3175,1,0
BRDA:16,3176,0,0
BRDA:16,3176,1,0
BRDA:16,3177,0,0
BRDA:16,3177,1,0
BRDA:16,3178,0,0
BRDA:16,3178,1,0
BRDA:16,3179,0,0
BRDA:16,3179,1,0
BRDA:16,3179,2,0
BRDA:16,3180,0,0
BRDA:16,3180,1,0
BRDA:16,3181,0,0
BRDA:16,3181,1,0
BRDA:16,3182,0,0
BRDA:16,3182,1,0
BRDA:16,3183,0,0
BRDA:16,3183,1,0
BRDA:16,3183,2,0
BRDA:16,3183,3,0
BRDA:16,3184,0,0
BRDA:16,3184,1,0
BRDA:16,3185,0,0
BRDA:16,3185,1,0
BRDA:16,3186,0,0
BRDA:16,3186,1,0
BRDA:16,3187,0,0
BRDA:16,3187,1,0
BRDA:16,3188,0,0
BRDA:16,3188,1,0
BRDA:16,3189,0,0
BRDA:16,3189,1,0
BRDA:16,3190,0,0
BRDA:16,3190,1,0
BRDA:16,3191,0,0
BRDA:16,3191,1,0
BRDA:16,3192,0,0
BRDA:16,3192,1,0
BRDA:16,3193,0,0
BRDA:16,3193,1,0
BRDA:16,3194,0,0
BRDA:16,3194,1,0
BRDA:16,3195,0,0
BRDA:16,3195,1,0
BRDA:16,3196,0,0
BRDA:16,3196,1,0
BRDA:16,3196,2,0
BRDA:16,3196,3,0
BRDA:16,3196,4,0
BRDA:16,3197,0,0
BRDA:16,3197,1,0
BRDA:16,3198,0,0
BRDA:16,3198,1,0
BRDA:16,3199,0,0
BRDA:16,3199,1,0
BRDA:16,3200,0,0
BRDA:16,3200,1,0
BRDA:16,3201,0,0
BRDA:16,3201,1,0
BRDA:16,3202,0,0
BRDA:16,3202,1,0
BRDA:16,3203,0,0
BRDA:16,3203,1,0
BRDA:16,3204,0,0
BRDA:16,3204,1,0
BRDA:16,3205,0,0
BRDA:16,3205,1,0
BRDA:16,3206,0,0
BRDA:16,3206,1,0
BRDA:16,3207,0,0
BRDA:16,3207,1,0
BRDA:16,3208,0,0
BRDA:16,3208,1,0
BRDA:16,3209,0,0
BRDA:16,3209,1,0
BRDA:16,3210,0,0
BRDA:16,3210,1,0
BRDA:16,3211,0,0
BRDA:16,3211,1,0
BRDA:16,3212,0,0
BRDA:16,3212,1,0
BRDA:16,3213,0,0
BRDA:16,3213,1,0
BRDA:16,3214,0,0
BRDA:16,3214,1,0
BRDA:16,3214,2,0
BRDA:16,3214,3,0
BRDA:16,3215,0,0
BRDA:16,3215,1,0
BRDA:16,3216,0,0
BRDA:16,3216,1,0
BRDA:16,3217,0,0
BRDA:16,3217,1,0
BRDA:16,3218,0,0
BRDA:16,3218,1,0
BRDA:16,3219,0,0
BRDA:16,3219,1,0
BRDA:16,3220,0,0
BRDA:16,3220,1,0
BRDA:16,3221,0,0
BRDA:16,3221,1,0
BRDA:16,3222,0,0
BRDA:16,3222,1,0
BRDA:16,3223,0,0
BRDA:16,3223,1,0
BRDA:16,3223,2,0
BRDA:16,3223,3,0
BRDA:16,3224,0,0
BRDA:16,3224,1,0
BRDA:16,3224,2,0
BRDA:16,3224,3,0
BRDA:16,3225,0,0
BRDA:16,3225,1,0
BRDA:16,3226,0,0
BRDA:16,3226,1,0
BRDA:16,3227,0,0
BRDA:16,3227,1,0
BRDA:16,3228,0,0
BRDA:16,3228,1,0
BRDA:16,3229,0,0
BRDA:16,3229,1,0
BRDA:16,3230,0,0
BRDA:16,3230,1,0
BRDA:16,3231,0,0
BRDA:16,3231,1,0
BRDA:16,3232,0,0
BRDA:16,3232,1,0
BRDA:16,3233,0,0
BRDA:16,3233,1,0
BRDA:16,3234,0,0
BRDA:16,3234,1,0
BRDA:16,3235,0,0
BRDA:16,3235,1,0
BRDA:16,3236,0,0
BRDA:16,3236,1,0
BRDA:16,3237,0,0
BRDA:16,3237,1,0
BRDA:16,3237,2,0
BRDA:16,3238,0,0
BRDA:16,3238,1,0
BRDA:16,3239,0,0
BRDA:16,3239,1,0
BRDA:16,3240,0,0
BRDA:16,3240,1,0
BRDA:16,3240,2,0
BRDA:16,3241,0,0
BRDA:16,3241,1,0
BRDA:16,3242,0,0
BRDA:16,3242,1,0
BRDA:16,3243,0,0
BRDA:16,3243,1,0
BRDA:16,3244,0,0
BRDA:16,3244,1,0
BRDA:16,3244,2,0
BRDA:16,3245,0,0
BRDA:16,3245,1,0
BRDA:16,3246,0,0
BRDA:16,3246,1,0
BRDA:16,3247,0,0
BRDA:16,3247,1,0
BRDA:16,3248,0,0
BRDA:16,3248,1,0
BRDA:16,3249,0,0
BRDA:16,3249,1,0
BRDA:16,3250,0,0
BRDA:16,3250,1,0
BRDA:16,3251,0,0
BRDA:16,3251,1,0
BRDA:16,3251,2,0
BRDA:16,3252,0,0
BRDA:16,3252,1,0
BRDA:16,3253,0,0
BRDA:16,3253,1,0
BRDA:16,3254,0,0
BRDA:16,3254,1,0
BRDA:16,3254,2,0
BRDA:16,3255,0,0
BRDA:16,3255,1,0
BRDA:16,3255,2,0
BRDA:16,3256,0,0
BRDA:16,3256,1,0
BRDA:16,3256,2,0
BRDA:16,3256,3,0
BRDA:16,3256,4,0
BRDA:16,3257,0,0
BRDA:16,3257,1,0
BRDA:16,3258,0,0
BRDA:16,3258,1,0
BRDA:16,3258,2,0
BRDA:16,3259,0,0
BRDA:16,3259,1,0
BRDA:16,3259,2,0
BRDA:16,3259,3,0
BRDA:16,3259,4,0
BRDA:16,3260,0,0
BRDA:16,3260,1,0
BRDA:16,3260,2,0
BRDA:16,3260,3,0
BRDA:16,3261,0,0
BRDA:16,3261,1,0
BRDA:16,3261,2,0
BRDA:16,3261,3,0
BRDA:16,3262,0,0
BRDA:16,3262,1,0
BRDA:16,3263,0,0
BRDA:16,3263,1,0
BRDA:16,3264,0,0
BRDA:16,3264,1,0
BRDA:16,3265,0,0
BRDA:16,3265,1,0
BRDA:16,3266,0,0
BRDA:16,3266,1,0
BRDA:16,3266,2,0
BRDA:16,3267,0,0
BRDA:16,3267,1,0
BRDA:16,3267,2,0
BRDA:16,3268,0,0
BRDA:16,3268,1,0
BRDA:16,3268,2,0
BRDA:16,3269,0,0
BRDA:16,3269,1,0
BRDA:16,3270,0,0
BRDA:16,3270,1,0
BRDA:16,3271,0,0
BRDA:16,3271,1,0
BRDA:16,3272,0,0
BRDA:16,3272,1,0
BRDA:16,3273,0,0
BRDA:16,3273,1,0
BRDA:16,3274,0,0
BRDA:16,3274,1,0
BRDA:16,3274,2,0
BRDA:16,3275,0,0
BRDA:16,3275,1,0
BRDA:16,3276,0,0
BRDA:16,3276,1,0
BRDA:16,3276,2,0
BRDA:16,3277,0,0
BRDA:16,3277,1,0
BRDA:16,3278,0,0
BRDA:16,3278,1,0
BRDA:16,3279,0,0
BRDA:16,3279,1,0
BRDA:16,3280,0,0
BRDA:16,3280,1,0
BRDA:16,3281,0,0
BRDA:16,3281,1,0
BRDA:16,3282,0,0
BRDA:16,3282,1,0
BRDA:16,3283,0,0
BRDA:16,3283,1,0
BRDA:16,3284,0,0
BRDA:16,3284,1,0
BRDA:16,3285,0,0
BRDA:16,3285,1,0
BRDA:16,3286,0,0
BRDA:16,3286,1,0
BRDA:16,3287,0,0
BRDA:16,3287,1,0
BRDA:16,3288,0,0
BRDA:16,3288,1,0
BRDA:16,3289,0,0
BRDA:16,3289,1,0
BRDA:16,3290,0,0
BRDA:16,3290,1,0
BRDA:16,3291,0,0
BRDA:16,3291,1,0
BRDA:16,3292,0,0
BRDA:16,3292,1,0
BRDA:16,3292,2,0
BRDA:16,3292,3,0
BRDA:16,3292,4,0
BRDA:16,3293,0,0
BRDA:16,3293,1,0
BRDA:16,3294,0,0
BRDA:16,3294,1,0
BRDA:16,3295,0,0
BRDA:16,3295,1,0
BRDA:16,3296,0,0
BRDA:16,3296,1,0
BRDA:16,3297,0,0
BRDA:16,3297,1,0
BRDA:16,3297,2,0
BRDA:16,3298,0,0
BRDA:16,3298,1,0
BRDA:16,3299,0,0
BRDA:16,3299,1,0
BRDA:16,3300,0,0
BRDA:16,3300,1,0
BRDA:16,3301,0,0
BRDA:16,3301,1,0
BRDA:16,3302,0,0
BRDA:16,3302,1,0
BRDA:16,3303,0,0
BRDA:16,3303,1,0
BRDA:16,3304,0,0
BRDA:16,3304,1,0
BRDA:16,3305,0,0
BRDA:16,3305,1,0
BRDA:16,3306,0,0
BRDA:16,3306,1,0
BRDA:16,3307,0,0
BRDA:16,3307,1,0
BRDA:16,3308,0,0
BRDA:16,3308,1,0
BRDA:16,3309,0,0
BRDA:16,3309,1,0
BRDA:16,3310,0,0
BRDA:16,3310,1,0
BRDA:16,3311,0,0
BRDA:16,3311,1,0
BRDA:16,3312,0,0
BRDA:16,3312,1,0
BRDA:16,3313,0,0
BRDA:16,3313,1,0
BRDA:16,3314,0,0
BRDA:16,3314,1,0
BRDA:16,3314,2,0
BRDA:16,3315,0,0
BRDA:16,3315,1,0
BRDA:16,3315,2,0
BRDA:22,3316,0,0
BRDA:22,3316,1,0
BRDA:22,3316,2,0
BRDA:22,3316,3,0
BRDA:22,3317,0,0
BRDA:22,3317,1,0
BRDA:22,3318,0,0
BRDA:22,3318,1,0
BRDA:22,3319,0,0
BRDA:22,3319,1,0
BRDA:22,3320,0,0
BRDA:22,3320,1,0
BRDA:22,3320,2,0
BRDA:22,3321,0,0
BRDA:22,3321,1,0
BRDA:22,3322,0,0
BRDA:22,3322,1,0
BRDA:22,3322,2,0
BRDA:22,3323,0,0
BRDA:22,3323,1,0
BRDA:22,3324,0,0
BRDA:22,3324,1,0
BRDA:22,3325,0,0
BRDA:22,3325,1,0
BRDA:22,3326,0,0
BRDA:22,3326,1,0
BRDA:22,3327,0,0
BRDA:22,3327,1,0
BRDA:22,3327,2,0
BRDA:22,3328,0,0
BRDA:22,3328,1,0
BRDA:22,3329,0,0
BRDA:22,3329,1,0
BRDA:22,3330,0,0
BRDA:22,3330,1,0
BRDA:22,3331,0,0
BRDA:22,3331,1,0
BRDA:22,3332,0,0
BRDA:22,3332,1,0
BRDA:22,3333,0,0
BRDA:22,3333,1,0
BRDA:22,3334,0,0
BRDA:22,3334,1,0
BRDA:22,3335,0,0
BRDA:22,3335,1,0
BRDA:22,3336,0,0
BRDA:22,3336,1,0
BRDA:22,3337,0,0
BRDA:22,3337,1,0
BRDA:22,3338,0,0
BRDA:22,3338,1,0
BRDA:22,3339,0,0
BRDA:22,3339,1,0
BRDA:22,3340,0,0
BRDA:22,3340,1,0
BRDA:22,3341,0,0
BRDA:22,3341,1,0
BRDA:22,3342,0,0
BRDA:22,3342,1,0
BRDA:22,3343,0,0
BRDA:22,3343,1,0
BRDA:22,3344,0,0
BRDA:22,3344,1,0
BRDA:22,3345,0,0
BRDA:22,3345,1,0
BRDA:22,3346,0,0
BRDA:22,3346,1,0
BRDA:22,3347,0,0
BRDA:22,3347,1,0
BRDA:22,3348,0,0
BRDA:22,3348,1,0
BRDA:22,3349,0,0
BRDA:22,3349,1,0
BRDA:22,3350,0,0
BRDA:22,3350,1,0
BRDA:22,3351,0,0
BRDA:22,3351,1,0
BRDA:22,3352,0,0
BRDA:22,3352,1,0
BRDA:22,3353,0,0
BRDA:22,3353,1,0
BRDA:22,3354,0,0
BRDA:22,3354,1,0
BRDA:22,3355,0,0
BRDA:22,3355,1,0
BRDA:22,3356,0,0
BRDA:22,3356,1,0
BRDA:22,3357,0,0
BRDA:22,3357,1,0
BRDA:22,3358,0,0
BRDA:22,3358,1,0
BRDA:22,3359,0,0
BRDA:22,3359,1,0
BRDA:22,3359,2,0
BRDA:22,3360,0,0
BRDA:22,3360,1,0
BRDA:22,3361,0,0
BRDA:22,3361,1,0
BRDA:22,3362,0,0
BRDA:22,3362,1,0
BRDA:22,3363,0,0
BRDA:22,3363,1,0
BRDA:22,3364,0,0
BRDA:22,3364,1,0
BRDA:22,3365,0,0
BRDA:22,3365,1,0
BRDA:22,3366,0,0
BRDA:22,3366,1,0
BRDA:22,3366,2,0
BRDA:22,3367,0,0
BRDA:22,3367,1,0
BRDA:22,3368,0,0
BRDA:22,3368,1,0
BRDA:22,3369,0,0
BRDA:22,3369,1,0
BRDA:22,3370,0,0
BRDA:22,3370,1,0
BRDA:22,3371,0,0
BRDA:22,3371,1,0
BRDA:22,3372,0,0
BRDA:22,3372,1,0
BRDA:22,3373,0,0
BRDA:22,3373,1,0
BRF:7335
BRH:0
end_of_record
